<?xml version="1.0" encoding="UTF-8"?>
<testsuite name="com.klasevich.itrex.lab.persistance.repository.CardRepositoryTest" tests="5" skipped="0" failures="0" errors="0" timestamp="2021-11-28T15:25:55" hostname="USER-ПК" time="3.401">
  <properties/>
  <testcase name="deleteCard_changesShouldBeMade()" classname="com.klasevich.itrex.lab.persistance.repository.CardRepositoryTest" time="2.149"/>
  <testcase name="getCardsByUserId_shouldFindRequiredCard()" classname="com.klasevich.itrex.lab.persistance.repository.CardRepositoryTest" time="0.805"/>
  <testcase name="updateCardAndCheck_changesShouldBeMade()" classname="com.klasevich.itrex.lab.persistance.repository.CardRepositoryTest" time="0.289"/>
  <testcase name="findAll_sizeShouldBeValid()" classname="com.klasevich.itrex.lab.persistance.repository.CardRepositoryTest" time="0.086"/>
  <testcase name="createCard_getCardById_cardNumberShouldBeTheSame()" classname="com.klasevich.itrex.lab.persistance.repository.CardRepositoryTest" time="0.038"/>
  <system-out><![CDATA[18:25:34.784 [Test worker] DEBUG org.springframework.test.context.BootstrapUtils - Instantiating CacheAwareContextLoaderDelegate from class [org.springframework.test.context.cache.DefaultCacheAwareContextLoaderDelegate]
18:25:34.840 [Test worker] DEBUG org.springframework.test.context.BootstrapUtils - Instantiating BootstrapContext using constructor [public org.springframework.test.context.support.DefaultBootstrapContext(java.lang.Class,org.springframework.test.context.CacheAwareContextLoaderDelegate)]
18:25:34.984 [Test worker] DEBUG org.springframework.test.context.BootstrapUtils - Instantiating TestContextBootstrapper for test class [com.klasevich.itrex.lab.persistance.repository.CardRepositoryTest] from class [org.springframework.boot.test.autoconfigure.orm.jpa.DataJpaTestContextBootstrapper]
18:25:35.052 [Test worker] INFO org.springframework.boot.test.autoconfigure.orm.jpa.DataJpaTestContextBootstrapper - Neither @ContextConfiguration nor @ContextHierarchy found for test class [com.klasevich.itrex.lab.persistance.repository.CardRepositoryTest], using SpringBootContextLoader
18:25:35.067 [Test worker] DEBUG org.springframework.test.context.support.AbstractContextLoader - Did not detect default resource location for test class [com.klasevich.itrex.lab.persistance.repository.CardRepositoryTest]: class path resource [com/klasevich/itrex/lab/persistance/repository/CardRepositoryTest-context.xml] does not exist
18:25:35.069 [Test worker] DEBUG org.springframework.test.context.support.AbstractContextLoader - Did not detect default resource location for test class [com.klasevich.itrex.lab.persistance.repository.CardRepositoryTest]: class path resource [com/klasevich/itrex/lab/persistance/repository/CardRepositoryTestContext.groovy] does not exist
18:25:35.070 [Test worker] INFO org.springframework.test.context.support.AbstractContextLoader - Could not detect default resource locations for test class [com.klasevich.itrex.lab.persistance.repository.CardRepositoryTest]: no resource found for suffixes {-context.xml, Context.groovy}.
18:25:35.072 [Test worker] INFO org.springframework.test.context.support.AnnotationConfigContextLoaderUtils - Could not detect default configuration classes for test class [com.klasevich.itrex.lab.persistance.repository.CardRepositoryTest]: CardRepositoryTest does not declare any static, non-private, non-final, nested classes annotated with @Configuration.
18:25:35.488 [Test worker] DEBUG org.springframework.context.annotation.ClassPathScanningCandidateComponentProvider - Identified candidate component class: file [C:\Users\USER\IdeaProjects\payment-system-microservices-project\payment-service\build\classes\java\main\com\klasevich\itrex\lab\PaymentApplication.class]
18:25:35.491 [Test worker] INFO org.springframework.boot.test.context.SpringBootTestContextBootstrapper - Found @SpringBootConfiguration com.klasevich.itrex.lab.PaymentApplication for test class com.klasevich.itrex.lab.persistance.repository.CardRepositoryTest
18:25:35.497 [Test worker] DEBUG org.springframework.boot.test.autoconfigure.orm.jpa.DataJpaTestContextBootstrapper - @TestExecutionListeners is not present for class [com.klasevich.itrex.lab.persistance.repository.CardRepositoryTest]: using defaults.
18:25:35.499 [Test worker] INFO org.springframework.boot.test.autoconfigure.orm.jpa.DataJpaTestContextBootstrapper - Loaded default TestExecutionListener class names from location [META-INF/spring.factories]: [org.springframework.test.context.web.ServletTestExecutionListener, org.springframework.test.context.support.DirtiesContextBeforeModesTestExecutionListener, org.springframework.test.context.support.DependencyInjectionTestExecutionListener, org.springframework.test.context.support.DirtiesContextTestExecutionListener, org.springframework.test.context.transaction.TransactionalTestExecutionListener, org.springframework.test.context.jdbc.SqlScriptsTestExecutionListener, org.springframework.test.context.event.EventPublishingTestExecutionListener, org.springframework.boot.test.autoconfigure.restdocs.RestDocsTestExecutionListener, org.springframework.boot.test.autoconfigure.web.client.MockRestServiceServerResetTestExecutionListener, org.springframework.boot.test.autoconfigure.web.servlet.MockMvcPrintOnlyOnFailureTestExecutionListener, org.springframework.boot.test.autoconfigure.web.servlet.WebDriverTestExecutionListener, org.springframework.boot.test.autoconfigure.webservices.client.MockWebServiceServerTestExecutionListener, org.springframework.boot.test.mock.mockito.MockitoTestExecutionListener, org.springframework.boot.test.mock.mockito.ResetMocksTestExecutionListener]
18:25:35.562 [Test worker] INFO org.springframework.boot.test.autoconfigure.orm.jpa.DataJpaTestContextBootstrapper - Using TestExecutionListeners: [org.springframework.test.context.web.ServletTestExecutionListener@2150b6b4, org.springframework.test.context.support.DirtiesContextBeforeModesTestExecutionListener@781fb69d, org.springframework.boot.test.mock.mockito.MockitoTestExecutionListener@7754fd66, org.springframework.boot.test.autoconfigure.SpringBootDependencyInjectionTestExecutionListener@5b1c55c5, org.springframework.test.context.support.DirtiesContextTestExecutionListener@7fddbd04, org.springframework.test.context.transaction.TransactionalTestExecutionListener@7af3573c, org.springframework.test.context.jdbc.SqlScriptsTestExecutionListener@2a9c2ac9, org.springframework.test.context.event.EventPublishingTestExecutionListener@1317f022, org.springframework.boot.test.autoconfigure.restdocs.RestDocsTestExecutionListener@1304ad9, org.springframework.boot.test.autoconfigure.web.client.MockRestServiceServerResetTestExecutionListener@619aa774, org.springframework.boot.test.autoconfigure.web.servlet.MockMvcPrintOnlyOnFailureTestExecutionListener@2a1b03ec, org.springframework.boot.test.autoconfigure.web.servlet.WebDriverTestExecutionListener@6a1706d, org.springframework.boot.test.autoconfigure.webservices.client.MockWebServiceServerTestExecutionListener@5c494e2, org.springframework.boot.test.mock.mockito.ResetMocksTestExecutionListener@31d13229]
18:25:35.575 [Test worker] DEBUG org.springframework.test.context.support.AbstractDirtiesContextTestExecutionListener - Before test class: context [DefaultTestContext@2d267f64 testClass = CardRepositoryTest, testInstance = [null], testMethod = [null], testException = [null], mergedContextConfiguration = [MergedContextConfiguration@544d427c testClass = CardRepositoryTest, locations = '{}', classes = '{class com.klasevich.itrex.lab.PaymentApplication}', contextInitializerClasses = '[]', activeProfiles = '{test}', propertySourceLocations = '{}', propertySourceProperties = '{org.springframework.boot.test.autoconfigure.orm.jpa.DataJpaTestContextBootstrapper=true}', contextCustomizers = set[org.springframework.boot.test.autoconfigure.OverrideAutoConfigurationContextCustomizerFactory$DisableAutoConfigurationContextCustomizer@4a40c341, org.springframework.boot.test.autoconfigure.filter.TypeExcludeFiltersContextCustomizer@351584c0, org.springframework.boot.test.autoconfigure.properties.PropertyMappingContextCustomizer@50a49b08, org.springframework.boot.test.autoconfigure.web.servlet.WebDriverContextCustomizerFactory$Customizer@7b843107, [ImportsContextCustomizer@5ae03dd5 key = [org.springframework.boot.autoconfigure.cache.CacheAutoConfiguration, org.springframework.boot.autoconfigure.data.jpa.JpaRepositoriesAutoConfiguration, org.springframework.boot.autoconfigure.flyway.FlywayAutoConfiguration, org.springframework.boot.autoconfigure.jdbc.DataSourceAutoConfiguration, org.springframework.boot.autoconfigure.jdbc.DataSourceTransactionManagerAutoConfiguration, org.springframework.boot.autoconfigure.jdbc.JdbcTemplateAutoConfiguration, org.springframework.boot.autoconfigure.liquibase.LiquibaseAutoConfiguration, org.springframework.boot.autoconfigure.orm.jpa.HibernateJpaAutoConfiguration, org.springframework.boot.autoconfigure.transaction.TransactionAutoConfiguration, org.springframework.boot.test.autoconfigure.jdbc.TestDatabaseAutoConfiguration, org.springframework.boot.test.autoconfigure.orm.jpa.TestEntityManagerAutoConfiguration]], org.springframework.boot.test.context.filter.ExcludeFilterContextCustomizer@30e22bfe, org.springframework.boot.test.json.DuplicateJsonObjectContextCustomizerFactory$DuplicateJsonObjectContextCustomizer@750b3aa1, org.springframework.boot.test.mock.mockito.MockitoContextCustomizer@0, org.springframework.boot.test.context.SpringBootTestArgs@1], contextLoader = 'org.springframework.boot.test.context.SpringBootContextLoader', parent = [null]], attributes = map[[empty]]], class annotated with @DirtiesContext [false] with mode [null].
18:25:35.609 [Test worker] DEBUG org.springframework.test.context.support.DependencyInjectionTestExecutionListener - Performing dependency injection for test context [[DefaultTestContext@2d267f64 testClass = CardRepositoryTest, testInstance = com.klasevich.itrex.lab.persistance.repository.CardRepositoryTest@5e867720, testMethod = [null], testException = [null], mergedContextConfiguration = [MergedContextConfiguration@544d427c testClass = CardRepositoryTest, locations = '{}', classes = '{class com.klasevich.itrex.lab.PaymentApplication}', contextInitializerClasses = '[]', activeProfiles = '{test}', propertySourceLocations = '{}', propertySourceProperties = '{org.springframework.boot.test.autoconfigure.orm.jpa.DataJpaTestContextBootstrapper=true}', contextCustomizers = set[org.springframework.boot.test.autoconfigure.OverrideAutoConfigurationContextCustomizerFactory$DisableAutoConfigurationContextCustomizer@4a40c341, org.springframework.boot.test.autoconfigure.filter.TypeExcludeFiltersContextCustomizer@351584c0, org.springframework.boot.test.autoconfigure.properties.PropertyMappingContextCustomizer@50a49b08, org.springframework.boot.test.autoconfigure.web.servlet.WebDriverContextCustomizerFactory$Customizer@7b843107, [ImportsContextCustomizer@5ae03dd5 key = [org.springframework.boot.autoconfigure.cache.CacheAutoConfiguration, org.springframework.boot.autoconfigure.data.jpa.JpaRepositoriesAutoConfiguration, org.springframework.boot.autoconfigure.flyway.FlywayAutoConfiguration, org.springframework.boot.autoconfigure.jdbc.DataSourceAutoConfiguration, org.springframework.boot.autoconfigure.jdbc.DataSourceTransactionManagerAutoConfiguration, org.springframework.boot.autoconfigure.jdbc.JdbcTemplateAutoConfiguration, org.springframework.boot.autoconfigure.liquibase.LiquibaseAutoConfiguration, org.springframework.boot.autoconfigure.orm.jpa.HibernateJpaAutoConfiguration, org.springframework.boot.autoconfigure.transaction.TransactionAutoConfiguration, org.springframework.boot.test.autoconfigure.jdbc.TestDatabaseAutoConfiguration, org.springframework.boot.test.autoconfigure.orm.jpa.TestEntityManagerAutoConfiguration]], org.springframework.boot.test.context.filter.ExcludeFilterContextCustomizer@30e22bfe, org.springframework.boot.test.json.DuplicateJsonObjectContextCustomizerFactory$DuplicateJsonObjectContextCustomizer@750b3aa1, org.springframework.boot.test.mock.mockito.MockitoContextCustomizer@0, org.springframework.boot.test.context.SpringBootTestArgs@1], contextLoader = 'org.springframework.boot.test.context.SpringBootContextLoader', parent = [null]], attributes = map[[empty]]]].
18:25:35.703 [Test worker] DEBUG org.springframework.core.env.StandardEnvironment - Activating profiles [test]
18:25:35.718 [Test worker] DEBUG org.springframework.test.context.support.TestPropertySourceUtils - Adding inlined properties to environment: {spring.jmx.enabled=false, org.springframework.boot.test.autoconfigure.orm.jpa.DataJpaTestContextBootstrapper=true}
2021-11-28 18:25:39.231  INFO [payment-service,,,] 14540 --- [    Test worker] trationDelegate$BeanPostProcessorChecker : Bean 'org.springframework.retry.annotation.RetryConfiguration' of type [org.springframework.retry.annotation.RetryConfiguration$$EnhancerBySpringCGLIB$$28db179b] is not eligible for getting processed by all BeanPostProcessors (for example: not eligible for auto-proxying)

  .   ____          _            __ _ _
 /\\ / ___'_ __ _ _(_)_ __  __ _ \ \ \ \
( ( )\___ | '_ | '_| | '_ \/ _` | \ \ \ \
 \\/  ___)| |_)| | | | | || (_| |  ) ) ) )
  '  |____| .__|_| |_|_| |_\__, | / / / /
 =========|_|==============|___/=/_/_/_/
 :: Spring Boot ::        (v2.3.2.RELEASE)

2021-11-28 18:25:40.434  INFO [payment-service,,,] 14540 --- [    Test worker] c.c.c.ConfigServicePropertySourceLocator : Fetching config from server at : http://localhost:8001
2021-11-28 18:25:41.766  INFO [payment-service,,,] 14540 --- [    Test worker] c.c.c.ConfigServicePropertySourceLocator : Located environment: name=payment-service, profiles=[test], label=null, version=null, state=null
2021-11-28 18:25:41.770  INFO [payment-service,,,] 14540 --- [    Test worker] b.c.PropertySourceBootstrapConfiguration : Located property source: [BootstrapPropertySource {name='bootstrapProperties-classpath:/services/payment-service.yml'}, BootstrapPropertySource {name='bootstrapProperties-classpath:/services/application.yml'}]
2021-11-28 18:25:41.897  INFO [payment-service,,,] 14540 --- [    Test worker] c.k.i.l.p.repository.CardRepositoryTest  : The following profiles are active: test
2021-11-28 18:25:42.958  INFO [payment-service,,,] 14540 --- [    Test worker] .s.d.r.c.RepositoryConfigurationDelegate : Bootstrapping Spring Data JPA repositories in LAZY mode.
2021-11-28 18:25:43.644  INFO [payment-service,,,] 14540 --- [    Test worker] .s.d.r.c.RepositoryConfigurationDelegate : Finished Spring Data repository scanning in 657ms. Found 2 JPA repository interfaces.
2021-11-28 18:25:43.878  INFO [payment-service,,,] 14540 --- [    Test worker] beddedDataSourceBeanFactoryPostProcessor : Replacing 'dataSource' DataSource bean with embedded version
2021-11-28 18:25:44.871  INFO [payment-service,,,] 14540 --- [    Test worker] o.s.j.d.e.EmbeddedDatabaseFactory        : Starting embedded database: url='jdbc:h2:mem:4b1c2311-e88d-42f2-9e68-67f8a6047520;DB_CLOSE_DELAY=-1;DB_CLOSE_ON_EXIT=false', username='sa'
2021-11-28 18:25:46.027  INFO [payment-service,,,] 14540 --- [    Test worker] o.f.c.internal.license.VersionPrinter    : Flyway Community Edition 6.4.4 by Redgate
2021-11-28 18:25:46.128  INFO [payment-service,,,] 14540 --- [    Test worker] o.f.c.internal.database.DatabaseFactory  : Database: jdbc:h2:mem:4b1c2311-e88d-42f2-9e68-67f8a6047520 (H2 1.4)
2021-11-28 18:25:46.468  INFO [payment-service,,,] 14540 --- [    Test worker] o.f.core.internal.command.DbValidate     : Successfully validated 2 migrations (execution time 00:00.117s)
2021-11-28 18:25:46.531  INFO [payment-service,,,] 14540 --- [    Test worker] o.f.c.i.s.JdbcTableSchemaHistory         : Creating Schema History table "PUBLIC"."flyway_schema_history" ...
2021-11-28 18:25:46.883  INFO [payment-service,,,] 14540 --- [    Test worker] o.f.core.internal.command.DbMigrate      : Current version of schema "PUBLIC": << Empty Schema >>
2021-11-28 18:25:46.904  INFO [payment-service,,,] 14540 --- [    Test worker] o.f.core.internal.command.DbMigrate      : Migrating schema "PUBLIC" to version 20211510152715 - init
2021-11-28 18:25:47.187  INFO [payment-service,,,] 14540 --- [    Test worker] o.f.core.internal.command.DbMigrate      : Migrating schema "PUBLIC" to version 20211610194310 - insert
2021-11-28 18:25:47.367  INFO [payment-service,,,] 14540 --- [    Test worker] o.f.core.internal.command.DbMigrate      : Successfully applied 2 migrations to schema "PUBLIC" (execution time 00:00.527s)
2021-11-28 18:25:48.478  INFO [payment-service,,,] 14540 --- [    Test worker] o.hibernate.jpa.internal.util.LogHelper  : HHH000204: Processing PersistenceUnitInfo [name: default]
2021-11-28 18:25:48.988  INFO [payment-service,,,] 14540 --- [    Test worker] org.hibernate.Version                    : HHH000412: Hibernate ORM core version 5.4.18.Final
2021-11-28 18:25:49.733  INFO [payment-service,,,] 14540 --- [    Test worker] o.hibernate.annotations.common.Version   : HCANN000001: Hibernate Commons Annotations {5.1.0.Final}
2021-11-28 18:25:49.956 DEBUG [payment-service,,,] 14540 --- [    Test worker] org.hibernate.type.BasicTypeRegistry     : Adding type registration boolean -> org.hibernate.type.BooleanType@46162957
2021-11-28 18:25:49.958 DEBUG [payment-service,,,] 14540 --- [    Test worker] org.hibernate.type.BasicTypeRegistry     : Adding type registration boolean -> org.hibernate.type.BooleanType@46162957
2021-11-28 18:25:49.958 DEBUG [payment-service,,,] 14540 --- [    Test worker] org.hibernate.type.BasicTypeRegistry     : Adding type registration java.lang.Boolean -> org.hibernate.type.BooleanType@46162957
2021-11-28 18:25:49.961 DEBUG [payment-service,,,] 14540 --- [    Test worker] org.hibernate.type.BasicTypeRegistry     : Adding type registration numeric_boolean -> org.hibernate.type.NumericBooleanType@527b467c
2021-11-28 18:25:49.963 DEBUG [payment-service,,,] 14540 --- [    Test worker] org.hibernate.type.BasicTypeRegistry     : Adding type registration true_false -> org.hibernate.type.TrueFalseType@11535806
2021-11-28 18:25:49.965 DEBUG [payment-service,,,] 14540 --- [    Test worker] org.hibernate.type.BasicTypeRegistry     : Adding type registration yes_no -> org.hibernate.type.YesNoType@59ca3ce7
2021-11-28 18:25:49.969 DEBUG [payment-service,,,] 14540 --- [    Test worker] org.hibernate.type.BasicTypeRegistry     : Adding type registration byte -> org.hibernate.type.ByteType@56e8b728
2021-11-28 18:25:49.969 DEBUG [payment-service,,,] 14540 --- [    Test worker] org.hibernate.type.BasicTypeRegistry     : Adding type registration byte -> org.hibernate.type.ByteType@56e8b728
2021-11-28 18:25:49.970 DEBUG [payment-service,,,] 14540 --- [    Test worker] org.hibernate.type.BasicTypeRegistry     : Adding type registration java.lang.Byte -> org.hibernate.type.ByteType@56e8b728
2021-11-28 18:25:49.973 DEBUG [payment-service,,,] 14540 --- [    Test worker] org.hibernate.type.BasicTypeRegistry     : Adding type registration character -> org.hibernate.type.CharacterType@71399cb4
2021-11-28 18:25:49.974 DEBUG [payment-service,,,] 14540 --- [    Test worker] org.hibernate.type.BasicTypeRegistry     : Adding type registration char -> org.hibernate.type.CharacterType@71399cb4
2021-11-28 18:25:49.974 DEBUG [payment-service,,,] 14540 --- [    Test worker] org.hibernate.type.BasicTypeRegistry     : Adding type registration java.lang.Character -> org.hibernate.type.CharacterType@71399cb4
2021-11-28 18:25:49.989 DEBUG [payment-service,,,] 14540 --- [    Test worker] org.hibernate.type.BasicTypeRegistry     : Adding type registration short -> org.hibernate.type.ShortType@5ca033af
2021-11-28 18:25:49.990 DEBUG [payment-service,,,] 14540 --- [    Test worker] org.hibernate.type.BasicTypeRegistry     : Adding type registration short -> org.hibernate.type.ShortType@5ca033af
2021-11-28 18:25:49.993 DEBUG [payment-service,,,] 14540 --- [    Test worker] org.hibernate.type.BasicTypeRegistry     : Adding type registration java.lang.Short -> org.hibernate.type.ShortType@5ca033af
2021-11-28 18:25:49.997 DEBUG [payment-service,,,] 14540 --- [    Test worker] org.hibernate.type.BasicTypeRegistry     : Adding type registration integer -> org.hibernate.type.IntegerType@29b951d2
2021-11-28 18:25:49.998 DEBUG [payment-service,,,] 14540 --- [    Test worker] org.hibernate.type.BasicTypeRegistry     : Adding type registration int -> org.hibernate.type.IntegerType@29b951d2
2021-11-28 18:25:49.999 DEBUG [payment-service,,,] 14540 --- [    Test worker] org.hibernate.type.BasicTypeRegistry     : Adding type registration java.lang.Integer -> org.hibernate.type.IntegerType@29b951d2
2021-11-28 18:25:50.003 DEBUG [payment-service,,,] 14540 --- [    Test worker] org.hibernate.type.BasicTypeRegistry     : Adding type registration long -> org.hibernate.type.LongType@1f636029
2021-11-28 18:25:50.003 DEBUG [payment-service,,,] 14540 --- [    Test worker] org.hibernate.type.BasicTypeRegistry     : Adding type registration long -> org.hibernate.type.LongType@1f636029
2021-11-28 18:25:50.004 DEBUG [payment-service,,,] 14540 --- [    Test worker] org.hibernate.type.BasicTypeRegistry     : Adding type registration java.lang.Long -> org.hibernate.type.LongType@1f636029
2021-11-28 18:25:50.007 DEBUG [payment-service,,,] 14540 --- [    Test worker] org.hibernate.type.BasicTypeRegistry     : Adding type registration float -> org.hibernate.type.FloatType@1dc8476b
2021-11-28 18:25:50.007 DEBUG [payment-service,,,] 14540 --- [    Test worker] org.hibernate.type.BasicTypeRegistry     : Adding type registration float -> org.hibernate.type.FloatType@1dc8476b
2021-11-28 18:25:50.008 DEBUG [payment-service,,,] 14540 --- [    Test worker] org.hibernate.type.BasicTypeRegistry     : Adding type registration java.lang.Float -> org.hibernate.type.FloatType@1dc8476b
2021-11-28 18:25:50.010 DEBUG [payment-service,,,] 14540 --- [    Test worker] org.hibernate.type.BasicTypeRegistry     : Adding type registration double -> org.hibernate.type.DoubleType@399aa35a
2021-11-28 18:25:50.011 DEBUG [payment-service,,,] 14540 --- [    Test worker] org.hibernate.type.BasicTypeRegistry     : Adding type registration double -> org.hibernate.type.DoubleType@399aa35a
2021-11-28 18:25:50.011 DEBUG [payment-service,,,] 14540 --- [    Test worker] org.hibernate.type.BasicTypeRegistry     : Adding type registration java.lang.Double -> org.hibernate.type.DoubleType@399aa35a
2021-11-28 18:25:50.014 DEBUG [payment-service,,,] 14540 --- [    Test worker] org.hibernate.type.BasicTypeRegistry     : Adding type registration big_decimal -> org.hibernate.type.BigDecimalType@29c34d39
2021-11-28 18:25:50.014 DEBUG [payment-service,,,] 14540 --- [    Test worker] org.hibernate.type.BasicTypeRegistry     : Adding type registration java.math.BigDecimal -> org.hibernate.type.BigDecimalType@29c34d39
2021-11-28 18:25:50.017 DEBUG [payment-service,,,] 14540 --- [    Test worker] org.hibernate.type.BasicTypeRegistry     : Adding type registration big_integer -> org.hibernate.type.BigIntegerType@7c3b7774
2021-11-28 18:25:50.017 DEBUG [payment-service,,,] 14540 --- [    Test worker] org.hibernate.type.BasicTypeRegistry     : Adding type registration java.math.BigInteger -> org.hibernate.type.BigIntegerType@7c3b7774
2021-11-28 18:25:50.020 DEBUG [payment-service,,,] 14540 --- [    Test worker] org.hibernate.type.BasicTypeRegistry     : Adding type registration string -> org.hibernate.type.StringType@2d2c0bbd
2021-11-28 18:25:50.020 DEBUG [payment-service,,,] 14540 --- [    Test worker] org.hibernate.type.BasicTypeRegistry     : Adding type registration java.lang.String -> org.hibernate.type.StringType@2d2c0bbd
2021-11-28 18:25:50.022 DEBUG [payment-service,,,] 14540 --- [    Test worker] org.hibernate.type.BasicTypeRegistry     : Adding type registration nstring -> org.hibernate.type.StringNVarcharType@1c683529
2021-11-28 18:25:50.024 DEBUG [payment-service,,,] 14540 --- [    Test worker] org.hibernate.type.BasicTypeRegistry     : Adding type registration ncharacter -> org.hibernate.type.CharacterNCharType@4e5b5169
2021-11-28 18:25:50.030 DEBUG [payment-service,,,] 14540 --- [    Test worker] org.hibernate.type.BasicTypeRegistry     : Adding type registration url -> org.hibernate.type.UrlType@2d44cd2b
2021-11-28 18:25:50.031 DEBUG [payment-service,,,] 14540 --- [    Test worker] org.hibernate.type.BasicTypeRegistry     : Adding type registration java.net.URL -> org.hibernate.type.UrlType@2d44cd2b
2021-11-28 18:25:50.034 DEBUG [payment-service,,,] 14540 --- [    Test worker] org.hibernate.type.BasicTypeRegistry     : Adding type registration Duration -> org.hibernate.type.DurationType@452f6a3
2021-11-28 18:25:50.035 DEBUG [payment-service,,,] 14540 --- [    Test worker] org.hibernate.type.BasicTypeRegistry     : Adding type registration java.time.Duration -> org.hibernate.type.DurationType@452f6a3
2021-11-28 18:25:50.038 DEBUG [payment-service,,,] 14540 --- [    Test worker] org.hibernate.type.BasicTypeRegistry     : Adding type registration Instant -> org.hibernate.type.InstantType@1259bc54
2021-11-28 18:25:50.039 DEBUG [payment-service,,,] 14540 --- [    Test worker] org.hibernate.type.BasicTypeRegistry     : Adding type registration java.time.Instant -> org.hibernate.type.InstantType@1259bc54
2021-11-28 18:25:50.042 DEBUG [payment-service,,,] 14540 --- [    Test worker] org.hibernate.type.BasicTypeRegistry     : Adding type registration LocalDateTime -> org.hibernate.type.LocalDateTimeType@2f77fbc8
2021-11-28 18:25:50.043 DEBUG [payment-service,,,] 14540 --- [    Test worker] org.hibernate.type.BasicTypeRegistry     : Adding type registration java.time.LocalDateTime -> org.hibernate.type.LocalDateTimeType@2f77fbc8
2021-11-28 18:25:50.047 DEBUG [payment-service,,,] 14540 --- [    Test worker] org.hibernate.type.BasicTypeRegistry     : Adding type registration LocalDate -> org.hibernate.type.LocalDateType@288a42de
2021-11-28 18:25:50.047 DEBUG [payment-service,,,] 14540 --- [    Test worker] org.hibernate.type.BasicTypeRegistry     : Adding type registration java.time.LocalDate -> org.hibernate.type.LocalDateType@288a42de
2021-11-28 18:25:50.050 DEBUG [payment-service,,,] 14540 --- [    Test worker] org.hibernate.type.BasicTypeRegistry     : Adding type registration LocalTime -> org.hibernate.type.LocalTimeType@759c0842
2021-11-28 18:25:50.051 DEBUG [payment-service,,,] 14540 --- [    Test worker] org.hibernate.type.BasicTypeRegistry     : Adding type registration java.time.LocalTime -> org.hibernate.type.LocalTimeType@759c0842
2021-11-28 18:25:50.055 DEBUG [payment-service,,,] 14540 --- [    Test worker] org.hibernate.type.BasicTypeRegistry     : Adding type registration OffsetDateTime -> org.hibernate.type.OffsetDateTimeType@2681648c
2021-11-28 18:25:50.055 DEBUG [payment-service,,,] 14540 --- [    Test worker] org.hibernate.type.BasicTypeRegistry     : Adding type registration java.time.OffsetDateTime -> org.hibernate.type.OffsetDateTimeType@2681648c
2021-11-28 18:25:50.059 DEBUG [payment-service,,,] 14540 --- [    Test worker] org.hibernate.type.BasicTypeRegistry     : Adding type registration OffsetTime -> org.hibernate.type.OffsetTimeType@78a6b366
2021-11-28 18:25:50.059 DEBUG [payment-service,,,] 14540 --- [    Test worker] org.hibernate.type.BasicTypeRegistry     : Adding type registration java.time.OffsetTime -> org.hibernate.type.OffsetTimeType@78a6b366
2021-11-28 18:25:50.071 DEBUG [payment-service,,,] 14540 --- [    Test worker] org.hibernate.type.BasicTypeRegistry     : Adding type registration ZonedDateTime -> org.hibernate.type.ZonedDateTimeType@5230e397
2021-11-28 18:25:50.072 DEBUG [payment-service,,,] 14540 --- [    Test worker] org.hibernate.type.BasicTypeRegistry     : Adding type registration java.time.ZonedDateTime -> org.hibernate.type.ZonedDateTimeType@5230e397
2021-11-28 18:25:50.078 DEBUG [payment-service,,,] 14540 --- [    Test worker] org.hibernate.type.BasicTypeRegistry     : Adding type registration date -> org.hibernate.type.DateType@1d22e5e7
2021-11-28 18:25:50.078 DEBUG [payment-service,,,] 14540 --- [    Test worker] org.hibernate.type.BasicTypeRegistry     : Adding type registration java.sql.Date -> org.hibernate.type.DateType@1d22e5e7
2021-11-28 18:25:50.082 DEBUG [payment-service,,,] 14540 --- [    Test worker] org.hibernate.type.BasicTypeRegistry     : Adding type registration time -> org.hibernate.type.TimeType@2fe94b5b
2021-11-28 18:25:50.082 DEBUG [payment-service,,,] 14540 --- [    Test worker] org.hibernate.type.BasicTypeRegistry     : Adding type registration java.sql.Time -> org.hibernate.type.TimeType@2fe94b5b
2021-11-28 18:25:50.085 DEBUG [payment-service,,,] 14540 --- [    Test worker] org.hibernate.type.BasicTypeRegistry     : Adding type registration timestamp -> org.hibernate.type.TimestampType@3d07b3a8
2021-11-28 18:25:50.086 DEBUG [payment-service,,,] 14540 --- [    Test worker] org.hibernate.type.BasicTypeRegistry     : Adding type registration java.sql.Timestamp -> org.hibernate.type.TimestampType@3d07b3a8
2021-11-28 18:25:50.087 DEBUG [payment-service,,,] 14540 --- [    Test worker] org.hibernate.type.BasicTypeRegistry     : Adding type registration java.util.Date -> org.hibernate.type.TimestampType@3d07b3a8
2021-11-28 18:25:50.091 DEBUG [payment-service,,,] 14540 --- [    Test worker] org.hibernate.type.BasicTypeRegistry     : Adding type registration dbtimestamp -> org.hibernate.type.DbTimestampType@1571670
2021-11-28 18:25:50.094 DEBUG [payment-service,,,] 14540 --- [    Test worker] org.hibernate.type.BasicTypeRegistry     : Adding type registration calendar -> org.hibernate.type.CalendarType@4a88ff0
2021-11-28 18:25:50.095 DEBUG [payment-service,,,] 14540 --- [    Test worker] org.hibernate.type.BasicTypeRegistry     : Adding type registration java.util.Calendar -> org.hibernate.type.CalendarType@4a88ff0
2021-11-28 18:25:50.095 DEBUG [payment-service,,,] 14540 --- [    Test worker] org.hibernate.type.BasicTypeRegistry     : Adding type registration java.util.GregorianCalendar -> org.hibernate.type.CalendarType@4a88ff0
2021-11-28 18:25:50.097 DEBUG [payment-service,,,] 14540 --- [    Test worker] org.hibernate.type.BasicTypeRegistry     : Adding type registration calendar_date -> org.hibernate.type.CalendarDateType@7e10ade9
2021-11-28 18:25:50.100 DEBUG [payment-service,,,] 14540 --- [    Test worker] org.hibernate.type.BasicTypeRegistry     : Adding type registration calendar_time -> org.hibernate.type.CalendarTimeType@2227df04
2021-11-28 18:25:50.103 DEBUG [payment-service,,,] 14540 --- [    Test worker] org.hibernate.type.BasicTypeRegistry     : Adding type registration locale -> org.hibernate.type.LocaleType@47a0d07a
2021-11-28 18:25:50.103 DEBUG [payment-service,,,] 14540 --- [    Test worker] org.hibernate.type.BasicTypeRegistry     : Adding type registration java.util.Locale -> org.hibernate.type.LocaleType@47a0d07a
2021-11-28 18:25:50.108 DEBUG [payment-service,,,] 14540 --- [    Test worker] org.hibernate.type.BasicTypeRegistry     : Adding type registration currency -> org.hibernate.type.CurrencyType@17f99def
2021-11-28 18:25:50.108 DEBUG [payment-service,,,] 14540 --- [    Test worker] org.hibernate.type.BasicTypeRegistry     : Adding type registration java.util.Currency -> org.hibernate.type.CurrencyType@17f99def
2021-11-28 18:25:50.111 DEBUG [payment-service,,,] 14540 --- [    Test worker] org.hibernate.type.BasicTypeRegistry     : Adding type registration timezone -> org.hibernate.type.TimeZoneType@7c199aa2
2021-11-28 18:25:50.112 DEBUG [payment-service,,,] 14540 --- [    Test worker] org.hibernate.type.BasicTypeRegistry     : Adding type registration java.util.TimeZone -> org.hibernate.type.TimeZoneType@7c199aa2
2021-11-28 18:25:50.115 DEBUG [payment-service,,,] 14540 --- [    Test worker] org.hibernate.type.BasicTypeRegistry     : Adding type registration class -> org.hibernate.type.ClassType@11fd58d9
2021-11-28 18:25:50.116 DEBUG [payment-service,,,] 14540 --- [    Test worker] org.hibernate.type.BasicTypeRegistry     : Adding type registration java.lang.Class -> org.hibernate.type.ClassType@11fd58d9
2021-11-28 18:25:50.119 DEBUG [payment-service,,,] 14540 --- [    Test worker] org.hibernate.type.BasicTypeRegistry     : Adding type registration uuid-binary -> org.hibernate.type.UUIDBinaryType@2c76c79d
2021-11-28 18:25:50.120 DEBUG [payment-service,,,] 14540 --- [    Test worker] org.hibernate.type.BasicTypeRegistry     : Adding type registration java.util.UUID -> org.hibernate.type.UUIDBinaryType@2c76c79d
2021-11-28 18:25:50.121 DEBUG [payment-service,,,] 14540 --- [    Test worker] org.hibernate.type.BasicTypeRegistry     : Adding type registration uuid-char -> org.hibernate.type.UUIDCharType@43b8c82
2021-11-28 18:25:50.125 DEBUG [payment-service,,,] 14540 --- [    Test worker] org.hibernate.type.BasicTypeRegistry     : Adding type registration binary -> org.hibernate.type.BinaryType@3ac16030
2021-11-28 18:25:50.126 DEBUG [payment-service,,,] 14540 --- [    Test worker] org.hibernate.type.BasicTypeRegistry     : Adding type registration byte[] -> org.hibernate.type.BinaryType@3ac16030
2021-11-28 18:25:50.127 DEBUG [payment-service,,,] 14540 --- [    Test worker] org.hibernate.type.BasicTypeRegistry     : Adding type registration [B -> org.hibernate.type.BinaryType@3ac16030
2021-11-28 18:25:50.134 DEBUG [payment-service,,,] 14540 --- [    Test worker] org.hibernate.type.BasicTypeRegistry     : Adding type registration wrapper-binary -> org.hibernate.type.WrapperBinaryType@2dc0763c
2021-11-28 18:25:50.135 DEBUG [payment-service,,,] 14540 --- [    Test worker] org.hibernate.type.BasicTypeRegistry     : Adding type registration Byte[] -> org.hibernate.type.WrapperBinaryType@2dc0763c
2021-11-28 18:25:50.136 DEBUG [payment-service,,,] 14540 --- [    Test worker] org.hibernate.type.BasicTypeRegistry     : Adding type registration [Ljava.lang.Byte; -> org.hibernate.type.WrapperBinaryType@2dc0763c
2021-11-28 18:25:50.140 DEBUG [payment-service,,,] 14540 --- [    Test worker] org.hibernate.type.BasicTypeRegistry     : Adding type registration row_version -> org.hibernate.type.RowVersionType@2d84a19d
2021-11-28 18:25:50.142 DEBUG [payment-service,,,] 14540 --- [    Test worker] org.hibernate.type.BasicTypeRegistry     : Adding type registration image -> org.hibernate.type.ImageType@292659b8
2021-11-28 18:25:50.145 DEBUG [payment-service,,,] 14540 --- [    Test worker] org.hibernate.type.BasicTypeRegistry     : Adding type registration characters -> org.hibernate.type.CharArrayType@1ff83ed1
2021-11-28 18:25:50.145 DEBUG [payment-service,,,] 14540 --- [    Test worker] org.hibernate.type.BasicTypeRegistry     : Adding type registration char[] -> org.hibernate.type.CharArrayType@1ff83ed1
2021-11-28 18:25:50.146 DEBUG [payment-service,,,] 14540 --- [    Test worker] org.hibernate.type.BasicTypeRegistry     : Adding type registration [C -> org.hibernate.type.CharArrayType@1ff83ed1
2021-11-28 18:25:50.150 DEBUG [payment-service,,,] 14540 --- [    Test worker] org.hibernate.type.BasicTypeRegistry     : Adding type registration wrapper-characters -> org.hibernate.type.CharacterArrayType@6fa46417
2021-11-28 18:25:50.151 DEBUG [payment-service,,,] 14540 --- [    Test worker] org.hibernate.type.BasicTypeRegistry     : Adding type registration [Ljava.lang.Character; -> org.hibernate.type.CharacterArrayType@6fa46417
2021-11-28 18:25:50.152 DEBUG [payment-service,,,] 14540 --- [    Test worker] org.hibernate.type.BasicTypeRegistry     : Adding type registration Character[] -> org.hibernate.type.CharacterArrayType@6fa46417
2021-11-28 18:25:50.154 DEBUG [payment-service,,,] 14540 --- [    Test worker] org.hibernate.type.BasicTypeRegistry     : Adding type registration text -> org.hibernate.type.TextType@445b8cc7
2021-11-28 18:25:50.156 DEBUG [payment-service,,,] 14540 --- [    Test worker] org.hibernate.type.BasicTypeRegistry     : Adding type registration ntext -> org.hibernate.type.NTextType@d30c5ba
2021-11-28 18:25:50.160 DEBUG [payment-service,,,] 14540 --- [    Test worker] org.hibernate.type.BasicTypeRegistry     : Adding type registration blob -> org.hibernate.type.BlobType@92d3ba0
2021-11-28 18:25:50.160 DEBUG [payment-service,,,] 14540 --- [    Test worker] org.hibernate.type.BasicTypeRegistry     : Adding type registration java.sql.Blob -> org.hibernate.type.BlobType@92d3ba0
2021-11-28 18:25:50.162 DEBUG [payment-service,,,] 14540 --- [    Test worker] org.hibernate.type.BasicTypeRegistry     : Adding type registration materialized_blob -> org.hibernate.type.MaterializedBlobType@18ead0d
2021-11-28 18:25:50.166 DEBUG [payment-service,,,] 14540 --- [    Test worker] org.hibernate.type.BasicTypeRegistry     : Adding type registration clob -> org.hibernate.type.ClobType@3850b80b
2021-11-28 18:25:50.166 DEBUG [payment-service,,,] 14540 --- [    Test worker] org.hibernate.type.BasicTypeRegistry     : Adding type registration java.sql.Clob -> org.hibernate.type.ClobType@3850b80b
2021-11-28 18:25:50.170 DEBUG [payment-service,,,] 14540 --- [    Test worker] org.hibernate.type.BasicTypeRegistry     : Adding type registration nclob -> org.hibernate.type.NClobType@72f7db82
2021-11-28 18:25:50.170 DEBUG [payment-service,,,] 14540 --- [    Test worker] org.hibernate.type.BasicTypeRegistry     : Adding type registration java.sql.NClob -> org.hibernate.type.NClobType@72f7db82
2021-11-28 18:25:50.172 DEBUG [payment-service,,,] 14540 --- [    Test worker] org.hibernate.type.BasicTypeRegistry     : Adding type registration materialized_clob -> org.hibernate.type.MaterializedClobType@1d888350
2021-11-28 18:25:50.174 DEBUG [payment-service,,,] 14540 --- [    Test worker] org.hibernate.type.BasicTypeRegistry     : Adding type registration materialized_nclob -> org.hibernate.type.MaterializedNClobType@5e6ae851
2021-11-28 18:25:50.178 DEBUG [payment-service,,,] 14540 --- [    Test worker] org.hibernate.type.BasicTypeRegistry     : Adding type registration serializable -> org.hibernate.type.SerializableType@263d072a
2021-11-28 18:25:50.191 DEBUG [payment-service,,,] 14540 --- [    Test worker] org.hibernate.type.BasicTypeRegistry     : Adding type registration object -> org.hibernate.type.ObjectType@508acfdd
2021-11-28 18:25:50.192 DEBUG [payment-service,,,] 14540 --- [    Test worker] org.hibernate.type.BasicTypeRegistry     : Adding type registration java.lang.Object -> org.hibernate.type.ObjectType@508acfdd
2021-11-28 18:25:50.193 DEBUG [payment-service,,,] 14540 --- [    Test worker] org.hibernate.type.BasicTypeRegistry     : Adding type registration imm_date -> org.hibernate.type.AdaptedImmutableType@2d9616c9
2021-11-28 18:25:50.194 DEBUG [payment-service,,,] 14540 --- [    Test worker] org.hibernate.type.BasicTypeRegistry     : Adding type registration imm_time -> org.hibernate.type.AdaptedImmutableType@1ebbd19a
2021-11-28 18:25:50.194 DEBUG [payment-service,,,] 14540 --- [    Test worker] org.hibernate.type.BasicTypeRegistry     : Adding type registration imm_timestamp -> org.hibernate.type.AdaptedImmutableType@363f5e46
2021-11-28 18:25:50.195 DEBUG [payment-service,,,] 14540 --- [    Test worker] org.hibernate.type.BasicTypeRegistry     : Adding type registration imm_dbtimestamp -> org.hibernate.type.AdaptedImmutableType@3bd49666
2021-11-28 18:25:50.196 DEBUG [payment-service,,,] 14540 --- [    Test worker] org.hibernate.type.BasicTypeRegistry     : Adding type registration imm_calendar -> org.hibernate.type.AdaptedImmutableType@2669ff8b
2021-11-28 18:25:50.196 DEBUG [payment-service,,,] 14540 --- [    Test worker] org.hibernate.type.BasicTypeRegistry     : Adding type registration imm_calendar_date -> org.hibernate.type.AdaptedImmutableType@669ecddd
2021-11-28 18:25:50.196 DEBUG [payment-service,,,] 14540 --- [    Test worker] org.hibernate.type.BasicTypeRegistry     : Adding type registration imm_binary -> org.hibernate.type.AdaptedImmutableType@2a9f7226
2021-11-28 18:25:50.197 DEBUG [payment-service,,,] 14540 --- [    Test worker] org.hibernate.type.BasicTypeRegistry     : Adding type registration imm_serializable -> org.hibernate.type.AdaptedImmutableType@35e7b6b5
2021-11-28 18:25:50.523  INFO [payment-service,,,] 14540 --- [    Test worker] org.hibernate.dialect.Dialect            : HHH000400: Using dialect: org.hibernate.dialect.H2Dialect
2021-11-28 18:25:50.704 DEBUG [payment-service,,,] 14540 --- [    Test worker] o.h.type.spi.TypeConfiguration$Scope     : Scoping TypeConfiguration [org.hibernate.type.spi.TypeConfiguration@7d97f436] to MetadataBuildingContext [org.hibernate.boot.internal.MetadataBuildingContextRootImpl@4354cffd]
2021-11-28 18:25:51.343 DEBUG [payment-service,,,] 14540 --- [    Test worker] org.hibernate.type.EnumType              : Using NAMED-based conversion for Enum com.klasevich.itrex.lab.persistance.entity.CardStatus
2021-11-28 18:25:51.347 DEBUG [payment-service,,,] 14540 --- [    Test worker] org.hibernate.type.EnumType              : Using NAMED-based conversion for Enum com.klasevich.itrex.lab.persistance.entity.TransactionType
2021-11-28 18:25:51.680 DEBUG [payment-service,,,] 14540 --- [    Test worker] org.hibernate.type.EnumType              : Using NAMED-based conversion for Enum com.klasevich.itrex.lab.persistance.entity.CardStatus
2021-11-28 18:25:51.691 DEBUG [payment-service,,,] 14540 --- [    Test worker] org.hibernate.type.EnumType              : Using NAMED-based conversion for Enum com.klasevich.itrex.lab.persistance.entity.TransactionType
2021-11-28 18:25:51.787 DEBUG [payment-service,,,] 14540 --- [    Test worker] o.h.type.spi.TypeConfiguration$Scope     : Scoping TypeConfiguration [org.hibernate.type.spi.TypeConfiguration@7d97f436] to SessionFactoryImpl [org.hibernate.internal.SessionFactoryImpl@4d3137fb]
2021-11-28 18:25:52.002 DEBUG [payment-service,,,] 14540 --- [    Test worker] org.hibernate.type.EnumType              : Using NAMED-based conversion for Enum com.klasevich.itrex.lab.persistance.entity.CardStatus
2021-11-28 18:25:52.003 DEBUG [payment-service,,,] 14540 --- [    Test worker] org.hibernate.type.EnumType              : Using NAMED-based conversion for Enum com.klasevich.itrex.lab.persistance.entity.CardStatus
2021-11-28 18:25:53.109 DEBUG [payment-service,,,] 14540 --- [    Test worker] org.hibernate.type.EnumType              : Using NAMED-based conversion for Enum com.klasevich.itrex.lab.persistance.entity.CardStatus
2021-11-28 18:25:53.110 DEBUG [payment-service,,,] 14540 --- [    Test worker] org.hibernate.type.EnumType              : Using NAMED-based conversion for Enum com.klasevich.itrex.lab.persistance.entity.CardStatus
2021-11-28 18:25:53.141 DEBUG [payment-service,,,] 14540 --- [    Test worker] org.hibernate.type.EnumType              : Using NAMED-based conversion for Enum com.klasevich.itrex.lab.persistance.entity.TransactionType
2021-11-28 18:25:53.142 DEBUG [payment-service,,,] 14540 --- [    Test worker] org.hibernate.type.EnumType              : Using NAMED-based conversion for Enum com.klasevich.itrex.lab.persistance.entity.TransactionType
2021-11-28 18:25:53.232 DEBUG [payment-service,,,] 14540 --- [    Test worker] org.hibernate.type.EnumType              : Using NAMED-based conversion for Enum com.klasevich.itrex.lab.persistance.entity.TransactionType
2021-11-28 18:25:53.236 DEBUG [payment-service,,,] 14540 --- [    Test worker] org.hibernate.type.EnumType              : Using NAMED-based conversion for Enum com.klasevich.itrex.lab.persistance.entity.TransactionType
2021-11-28 18:25:53.644 DEBUG [payment-service,,,] 14540 --- [    Test worker] org.hibernate.type.EnumType              : Using NAMED-based conversion for Enum com.klasevich.itrex.lab.persistance.entity.CardStatus
2021-11-28 18:25:53.644 DEBUG [payment-service,,,] 14540 --- [    Test worker] org.hibernate.type.EnumType              : Using NAMED-based conversion for Enum com.klasevich.itrex.lab.persistance.entity.CardStatus
2021-11-28 18:25:53.660 DEBUG [payment-service,,,] 14540 --- [    Test worker] org.hibernate.type.EnumType              : Using NAMED-based conversion for Enum com.klasevich.itrex.lab.persistance.entity.TransactionType
2021-11-28 18:25:53.661 DEBUG [payment-service,,,] 14540 --- [    Test worker] org.hibernate.type.EnumType              : Using NAMED-based conversion for Enum com.klasevich.itrex.lab.persistance.entity.TransactionType
Hibernate: 
    
    alter table transactions 
       add column cardId bigint
Hibernate: 
    
    alter table transactions 
       add constraint FKsm7g6rgvh5cmac1do19xavirw 
       foreign key (cardId) 
       references cards
2021-11-28 18:25:53.882  INFO [payment-service,,,] 14540 --- [    Test worker] o.h.e.t.j.p.i.JtaPlatformInitiator       : HHH000490: Using JtaPlatform implementation: [org.hibernate.engine.transaction.jta.platform.internal.NoJtaPlatform]
2021-11-28 18:25:53.903 TRACE [payment-service,,,] 14540 --- [    Test worker] o.h.type.spi.TypeConfiguration$Scope     : Handling #sessionFactoryCreated from [org.hibernate.internal.SessionFactoryImpl@4d3137fb] for TypeConfiguration
2021-11-28 18:25:53.918  INFO [payment-service,,,] 14540 --- [    Test worker] j.LocalContainerEntityManagerFactoryBean : Initialized JPA EntityManagerFactory for persistence unit 'default'
2021-11-28 18:25:55.525  INFO [payment-service,,,] 14540 --- [    Test worker] c.k.i.l.p.repository.CardRepositoryTest  : Started CardRepositoryTest in 19.67 seconds (JVM running for 24.46)
2021-11-28 18:25:55.550 DEBUG [payment-service,,,] 14540 --- [    Test worker] c.DefaultCacheAwareContextLoaderDelegate : Storing ApplicationContext [103095058] in cache under key [[MergedContextConfiguration@544d427c testClass = CardRepositoryTest, locations = '{}', classes = '{class com.klasevich.itrex.lab.PaymentApplication}', contextInitializerClasses = '[]', activeProfiles = '{test}', propertySourceLocations = '{}', propertySourceProperties = '{org.springframework.boot.test.autoconfigure.orm.jpa.DataJpaTestContextBootstrapper=true}', contextCustomizers = set[org.springframework.boot.test.autoconfigure.OverrideAutoConfigurationContextCustomizerFactory$DisableAutoConfigurationContextCustomizer@4a40c341, org.springframework.boot.test.autoconfigure.filter.TypeExcludeFiltersContextCustomizer@351584c0, org.springframework.boot.test.autoconfigure.properties.PropertyMappingContextCustomizer@50a49b08, org.springframework.boot.test.autoconfigure.web.servlet.WebDriverContextCustomizerFactory$Customizer@7b843107, [ImportsContextCustomizer@5ae03dd5 key = [org.springframework.boot.autoconfigure.cache.CacheAutoConfiguration, org.springframework.boot.autoconfigure.data.jpa.JpaRepositoriesAutoConfiguration, org.springframework.boot.autoconfigure.flyway.FlywayAutoConfiguration, org.springframework.boot.autoconfigure.jdbc.DataSourceAutoConfiguration, org.springframework.boot.autoconfigure.jdbc.DataSourceTransactionManagerAutoConfiguration, org.springframework.boot.autoconfigure.jdbc.JdbcTemplateAutoConfiguration, org.springframework.boot.autoconfigure.liquibase.LiquibaseAutoConfiguration, org.springframework.boot.autoconfigure.orm.jpa.HibernateJpaAutoConfiguration, org.springframework.boot.autoconfigure.transaction.TransactionAutoConfiguration, org.springframework.boot.test.autoconfigure.jdbc.TestDatabaseAutoConfiguration, org.springframework.boot.test.autoconfigure.orm.jpa.TestEntityManagerAutoConfiguration]], org.springframework.boot.test.context.filter.ExcludeFilterContextCustomizer@30e22bfe, org.springframework.boot.test.json.DuplicateJsonObjectContextCustomizerFactory$DuplicateJsonObjectContextCustomizer@750b3aa1, org.springframework.boot.test.mock.mockito.MockitoContextCustomizer@0, org.springframework.boot.test.context.SpringBootTestArgs@1], contextLoader = 'org.springframework.boot.test.context.SpringBootContextLoader', parent = [null]]]
2021-11-28 18:25:55.551 DEBUG [payment-service,,,] 14540 --- [    Test worker] org.springframework.test.context.cache   : Spring test ApplicationContext cache statistics: [DefaultContextCache@20c07474 size = 1, maxSize = 32, parentContextCount = 0, hitCount = 0, missCount = 1]
2021-11-28 18:25:55.587 DEBUG [payment-service,,,] 14540 --- [    Test worker] c.DefaultCacheAwareContextLoaderDelegate : Retrieved ApplicationContext [103095058] from cache with key [[MergedContextConfiguration@544d427c testClass = CardRepositoryTest, locations = '{}', classes = '{class com.klasevich.itrex.lab.PaymentApplication}', contextInitializerClasses = '[]', activeProfiles = '{test}', propertySourceLocations = '{}', propertySourceProperties = '{org.springframework.boot.test.autoconfigure.orm.jpa.DataJpaTestContextBootstrapper=true}', contextCustomizers = set[org.springframework.boot.test.autoconfigure.OverrideAutoConfigurationContextCustomizerFactory$DisableAutoConfigurationContextCustomizer@4a40c341, org.springframework.boot.test.autoconfigure.filter.TypeExcludeFiltersContextCustomizer@351584c0, org.springframework.boot.test.autoconfigure.properties.PropertyMappingContextCustomizer@50a49b08, org.springframework.boot.test.autoconfigure.web.servlet.WebDriverContextCustomizerFactory$Customizer@7b843107, [ImportsContextCustomizer@5ae03dd5 key = [org.springframework.boot.autoconfigure.cache.CacheAutoConfiguration, org.springframework.boot.autoconfigure.data.jpa.JpaRepositoriesAutoConfiguration, org.springframework.boot.autoconfigure.flyway.FlywayAutoConfiguration, org.springframework.boot.autoconfigure.jdbc.DataSourceAutoConfiguration, org.springframework.boot.autoconfigure.jdbc.DataSourceTransactionManagerAutoConfiguration, org.springframework.boot.autoconfigure.jdbc.JdbcTemplateAutoConfiguration, org.springframework.boot.autoconfigure.liquibase.LiquibaseAutoConfiguration, org.springframework.boot.autoconfigure.orm.jpa.HibernateJpaAutoConfiguration, org.springframework.boot.autoconfigure.transaction.TransactionAutoConfiguration, org.springframework.boot.test.autoconfigure.jdbc.TestDatabaseAutoConfiguration, org.springframework.boot.test.autoconfigure.orm.jpa.TestEntityManagerAutoConfiguration]], org.springframework.boot.test.context.filter.ExcludeFilterContextCustomizer@30e22bfe, org.springframework.boot.test.json.DuplicateJsonObjectContextCustomizerFactory$DuplicateJsonObjectContextCustomizer@750b3aa1, org.springframework.boot.test.mock.mockito.MockitoContextCustomizer@0, org.springframework.boot.test.context.SpringBootTestArgs@1], contextLoader = 'org.springframework.boot.test.context.SpringBootContextLoader', parent = [null]]]
2021-11-28 18:25:55.588 DEBUG [payment-service,,,] 14540 --- [    Test worker] org.springframework.test.context.cache   : Spring test ApplicationContext cache statistics: [DefaultContextCache@20c07474 size = 1, maxSize = 32, parentContextCount = 0, hitCount = 1, missCount = 1]
2021-11-28 18:25:55.631 DEBUG [payment-service,,,] 14540 --- [    Test worker] c.DefaultCacheAwareContextLoaderDelegate : Retrieved ApplicationContext [103095058] from cache with key [[MergedContextConfiguration@544d427c testClass = CardRepositoryTest, locations = '{}', classes = '{class com.klasevich.itrex.lab.PaymentApplication}', contextInitializerClasses = '[]', activeProfiles = '{test}', propertySourceLocations = '{}', propertySourceProperties = '{org.springframework.boot.test.autoconfigure.orm.jpa.DataJpaTestContextBootstrapper=true}', contextCustomizers = set[org.springframework.boot.test.autoconfigure.OverrideAutoConfigurationContextCustomizerFactory$DisableAutoConfigurationContextCustomizer@4a40c341, org.springframework.boot.test.autoconfigure.filter.TypeExcludeFiltersContextCustomizer@351584c0, org.springframework.boot.test.autoconfigure.properties.PropertyMappingContextCustomizer@50a49b08, org.springframework.boot.test.autoconfigure.web.servlet.WebDriverContextCustomizerFactory$Customizer@7b843107, [ImportsContextCustomizer@5ae03dd5 key = [org.springframework.boot.autoconfigure.cache.CacheAutoConfiguration, org.springframework.boot.autoconfigure.data.jpa.JpaRepositoriesAutoConfiguration, org.springframework.boot.autoconfigure.flyway.FlywayAutoConfiguration, org.springframework.boot.autoconfigure.jdbc.DataSourceAutoConfiguration, org.springframework.boot.autoconfigure.jdbc.DataSourceTransactionManagerAutoConfiguration, org.springframework.boot.autoconfigure.jdbc.JdbcTemplateAutoConfiguration, org.springframework.boot.autoconfigure.liquibase.LiquibaseAutoConfiguration, org.springframework.boot.autoconfigure.orm.jpa.HibernateJpaAutoConfiguration, org.springframework.boot.autoconfigure.transaction.TransactionAutoConfiguration, org.springframework.boot.test.autoconfigure.jdbc.TestDatabaseAutoConfiguration, org.springframework.boot.test.autoconfigure.orm.jpa.TestEntityManagerAutoConfiguration]], org.springframework.boot.test.context.filter.ExcludeFilterContextCustomizer@30e22bfe, org.springframework.boot.test.json.DuplicateJsonObjectContextCustomizerFactory$DuplicateJsonObjectContextCustomizer@750b3aa1, org.springframework.boot.test.mock.mockito.MockitoContextCustomizer@0, org.springframework.boot.test.context.SpringBootTestArgs@1], contextLoader = 'org.springframework.boot.test.context.SpringBootContextLoader', parent = [null]]]
2021-11-28 18:25:55.633 DEBUG [payment-service,,,] 14540 --- [    Test worker] org.springframework.test.context.cache   : Spring test ApplicationContext cache statistics: [DefaultContextCache@20c07474 size = 1, maxSize = 32, parentContextCount = 0, hitCount = 2, missCount = 1]
2021-11-28 18:25:55.883  INFO [payment-service,,,] 14540 --- [    Test worker] o.s.t.c.transaction.TransactionContext   : Began transaction (1) for test context [DefaultTestContext@2d267f64 testClass = CardRepositoryTest, testInstance = com.klasevich.itrex.lab.persistance.repository.CardRepositoryTest@5e867720, testMethod = deleteCard_changesShouldBeMade@CardRepositoryTest, testException = [null], mergedContextConfiguration = [MergedContextConfiguration@544d427c testClass = CardRepositoryTest, locations = '{}', classes = '{class com.klasevich.itrex.lab.PaymentApplication}', contextInitializerClasses = '[]', activeProfiles = '{test}', propertySourceLocations = '{}', propertySourceProperties = '{org.springframework.boot.test.autoconfigure.orm.jpa.DataJpaTestContextBootstrapper=true}', contextCustomizers = set[org.springframework.boot.test.autoconfigure.OverrideAutoConfigurationContextCustomizerFactory$DisableAutoConfigurationContextCustomizer@4a40c341, org.springframework.boot.test.autoconfigure.filter.TypeExcludeFiltersContextCustomizer@351584c0, org.springframework.boot.test.autoconfigure.properties.PropertyMappingContextCustomizer@50a49b08, org.springframework.boot.test.autoconfigure.web.servlet.WebDriverContextCustomizerFactory$Customizer@7b843107, [ImportsContextCustomizer@5ae03dd5 key = [org.springframework.boot.autoconfigure.cache.CacheAutoConfiguration, org.springframework.boot.autoconfigure.data.jpa.JpaRepositoriesAutoConfiguration, org.springframework.boot.autoconfigure.flyway.FlywayAutoConfiguration, org.springframework.boot.autoconfigure.jdbc.DataSourceAutoConfiguration, org.springframework.boot.autoconfigure.jdbc.DataSourceTransactionManagerAutoConfiguration, org.springframework.boot.autoconfigure.jdbc.JdbcTemplateAutoConfiguration, org.springframework.boot.autoconfigure.liquibase.LiquibaseAutoConfiguration, org.springframework.boot.autoconfigure.orm.jpa.HibernateJpaAutoConfiguration, org.springframework.boot.autoconfigure.transaction.TransactionAutoConfiguration, org.springframework.boot.test.autoconfigure.jdbc.TestDatabaseAutoConfiguration, org.springframework.boot.test.autoconfigure.orm.jpa.TestEntityManagerAutoConfiguration]], org.springframework.boot.test.context.filter.ExcludeFilterContextCustomizer@30e22bfe, org.springframework.boot.test.json.DuplicateJsonObjectContextCustomizerFactory$DuplicateJsonObjectContextCustomizer@750b3aa1, org.springframework.boot.test.mock.mockito.MockitoContextCustomizer@0, org.springframework.boot.test.context.SpringBootTestArgs@1], contextLoader = 'org.springframework.boot.test.context.SpringBootContextLoader', parent = [null]], attributes = map[[empty]]]; transaction manager [org.springframework.orm.jpa.JpaTransactionManager@2d970f00]; rollback [true]
2021-11-28 18:25:55.894 DEBUG [payment-service,,,] 14540 --- [    Test worker] c.DefaultCacheAwareContextLoaderDelegate : Retrieved ApplicationContext [103095058] from cache with key [[MergedContextConfiguration@544d427c testClass = CardRepositoryTest, locations = '{}', classes = '{class com.klasevich.itrex.lab.PaymentApplication}', contextInitializerClasses = '[]', activeProfiles = '{test}', propertySourceLocations = '{}', propertySourceProperties = '{org.springframework.boot.test.autoconfigure.orm.jpa.DataJpaTestContextBootstrapper=true}', contextCustomizers = set[org.springframework.boot.test.autoconfigure.OverrideAutoConfigurationContextCustomizerFactory$DisableAutoConfigurationContextCustomizer@4a40c341, org.springframework.boot.test.autoconfigure.filter.TypeExcludeFiltersContextCustomizer@351584c0, org.springframework.boot.test.autoconfigure.properties.PropertyMappingContextCustomizer@50a49b08, org.springframework.boot.test.autoconfigure.web.servlet.WebDriverContextCustomizerFactory$Customizer@7b843107, [ImportsContextCustomizer@5ae03dd5 key = [org.springframework.boot.autoconfigure.cache.CacheAutoConfiguration, org.springframework.boot.autoconfigure.data.jpa.JpaRepositoriesAutoConfiguration, org.springframework.boot.autoconfigure.flyway.FlywayAutoConfiguration, org.springframework.boot.autoconfigure.jdbc.DataSourceAutoConfiguration, org.springframework.boot.autoconfigure.jdbc.DataSourceTransactionManagerAutoConfiguration, org.springframework.boot.autoconfigure.jdbc.JdbcTemplateAutoConfiguration, org.springframework.boot.autoconfigure.liquibase.LiquibaseAutoConfiguration, org.springframework.boot.autoconfigure.orm.jpa.HibernateJpaAutoConfiguration, org.springframework.boot.autoconfigure.transaction.TransactionAutoConfiguration, org.springframework.boot.test.autoconfigure.jdbc.TestDatabaseAutoConfiguration, org.springframework.boot.test.autoconfigure.orm.jpa.TestEntityManagerAutoConfiguration]], org.springframework.boot.test.context.filter.ExcludeFilterContextCustomizer@30e22bfe, org.springframework.boot.test.json.DuplicateJsonObjectContextCustomizerFactory$DuplicateJsonObjectContextCustomizer@750b3aa1, org.springframework.boot.test.mock.mockito.MockitoContextCustomizer@0, org.springframework.boot.test.context.SpringBootTestArgs@1], contextLoader = 'org.springframework.boot.test.context.SpringBootContextLoader', parent = [null]]]
2021-11-28 18:25:55.895 DEBUG [payment-service,,,] 14540 --- [    Test worker] org.springframework.test.context.cache   : Spring test ApplicationContext cache statistics: [DefaultContextCache@20c07474 size = 1, maxSize = 32, parentContextCount = 0, hitCount = 3, missCount = 1]
2021-11-28 18:25:55.897 DEBUG [payment-service,,,] 14540 --- [    Test worker] c.DefaultCacheAwareContextLoaderDelegate : Retrieved ApplicationContext [103095058] from cache with key [[MergedContextConfiguration@544d427c testClass = CardRepositoryTest, locations = '{}', classes = '{class com.klasevich.itrex.lab.PaymentApplication}', contextInitializerClasses = '[]', activeProfiles = '{test}', propertySourceLocations = '{}', propertySourceProperties = '{org.springframework.boot.test.autoconfigure.orm.jpa.DataJpaTestContextBootstrapper=true}', contextCustomizers = set[org.springframework.boot.test.autoconfigure.OverrideAutoConfigurationContextCustomizerFactory$DisableAutoConfigurationContextCustomizer@4a40c341, org.springframework.boot.test.autoconfigure.filter.TypeExcludeFiltersContextCustomizer@351584c0, org.springframework.boot.test.autoconfigure.properties.PropertyMappingContextCustomizer@50a49b08, org.springframework.boot.test.autoconfigure.web.servlet.WebDriverContextCustomizerFactory$Customizer@7b843107, [ImportsContextCustomizer@5ae03dd5 key = [org.springframework.boot.autoconfigure.cache.CacheAutoConfiguration, org.springframework.boot.autoconfigure.data.jpa.JpaRepositoriesAutoConfiguration, org.springframework.boot.autoconfigure.flyway.FlywayAutoConfiguration, org.springframework.boot.autoconfigure.jdbc.DataSourceAutoConfiguration, org.springframework.boot.autoconfigure.jdbc.DataSourceTransactionManagerAutoConfiguration, org.springframework.boot.autoconfigure.jdbc.JdbcTemplateAutoConfiguration, org.springframework.boot.autoconfigure.liquibase.LiquibaseAutoConfiguration, org.springframework.boot.autoconfigure.orm.jpa.HibernateJpaAutoConfiguration, org.springframework.boot.autoconfigure.transaction.TransactionAutoConfiguration, org.springframework.boot.test.autoconfigure.jdbc.TestDatabaseAutoConfiguration, org.springframework.boot.test.autoconfigure.orm.jpa.TestEntityManagerAutoConfiguration]], org.springframework.boot.test.context.filter.ExcludeFilterContextCustomizer@30e22bfe, org.springframework.boot.test.json.DuplicateJsonObjectContextCustomizerFactory$DuplicateJsonObjectContextCustomizer@750b3aa1, org.springframework.boot.test.mock.mockito.MockitoContextCustomizer@0, org.springframework.boot.test.context.SpringBootTestArgs@1], contextLoader = 'org.springframework.boot.test.context.SpringBootContextLoader', parent = [null]]]
2021-11-28 18:25:55.898 DEBUG [payment-service,,,] 14540 --- [    Test worker] org.springframework.test.context.cache   : Spring test ApplicationContext cache statistics: [DefaultContextCache@20c07474 size = 1, maxSize = 32, parentContextCount = 0, hitCount = 4, missCount = 1]
2021-11-28 18:25:56.148 DEBUG [payment-service,,,] 14540 --- [    Test worker] c.DefaultCacheAwareContextLoaderDelegate : Retrieved ApplicationContext [103095058] from cache with key [[MergedContextConfiguration@544d427c testClass = CardRepositoryTest, locations = '{}', classes = '{class com.klasevich.itrex.lab.PaymentApplication}', contextInitializerClasses = '[]', activeProfiles = '{test}', propertySourceLocations = '{}', propertySourceProperties = '{org.springframework.boot.test.autoconfigure.orm.jpa.DataJpaTestContextBootstrapper=true}', contextCustomizers = set[org.springframework.boot.test.autoconfigure.OverrideAutoConfigurationContextCustomizerFactory$DisableAutoConfigurationContextCustomizer@4a40c341, org.springframework.boot.test.autoconfigure.filter.TypeExcludeFiltersContextCustomizer@351584c0, org.springframework.boot.test.autoconfigure.properties.PropertyMappingContextCustomizer@50a49b08, org.springframework.boot.test.autoconfigure.web.servlet.WebDriverContextCustomizerFactory$Customizer@7b843107, [ImportsContextCustomizer@5ae03dd5 key = [org.springframework.boot.autoconfigure.cache.CacheAutoConfiguration, org.springframework.boot.autoconfigure.data.jpa.JpaRepositoriesAutoConfiguration, org.springframework.boot.autoconfigure.flyway.FlywayAutoConfiguration, org.springframework.boot.autoconfigure.jdbc.DataSourceAutoConfiguration, org.springframework.boot.autoconfigure.jdbc.DataSourceTransactionManagerAutoConfiguration, org.springframework.boot.autoconfigure.jdbc.JdbcTemplateAutoConfiguration, org.springframework.boot.autoconfigure.liquibase.LiquibaseAutoConfiguration, org.springframework.boot.autoconfigure.orm.jpa.HibernateJpaAutoConfiguration, org.springframework.boot.autoconfigure.transaction.TransactionAutoConfiguration, org.springframework.boot.test.autoconfigure.jdbc.TestDatabaseAutoConfiguration, org.springframework.boot.test.autoconfigure.orm.jpa.TestEntityManagerAutoConfiguration]], org.springframework.boot.test.context.filter.ExcludeFilterContextCustomizer@30e22bfe, org.springframework.boot.test.json.DuplicateJsonObjectContextCustomizerFactory$DuplicateJsonObjectContextCustomizer@750b3aa1, org.springframework.boot.test.mock.mockito.MockitoContextCustomizer@0, org.springframework.boot.test.context.SpringBootTestArgs@1], contextLoader = 'org.springframework.boot.test.context.SpringBootContextLoader', parent = [null]]]
2021-11-28 18:25:56.148 DEBUG [payment-service,,,] 14540 --- [    Test worker] org.springframework.test.context.cache   : Spring test ApplicationContext cache statistics: [DefaultContextCache@20c07474 size = 1, maxSize = 32, parentContextCount = 0, hitCount = 5, missCount = 1]
Hibernate: 
    insert 
    into
        cards
        (id, create_at, updated_at, balance, card_number, card_status, expiration_date, is_default, user_id) 
    values
        (null, ?, ?, ?, ?, ?, ?, ?, ?)
2021-11-28 18:25:57.551 TRACE [payment-service,,,] 14540 --- [    Test worker] o.h.type.descriptor.sql.BasicBinder      : binding parameter [1] as [TIMESTAMP] - [2021-11-28T15:25:57.305417200Z]
2021-11-28 18:25:57.552 TRACE [payment-service,,,] 14540 --- [    Test worker] o.h.type.descriptor.sql.BasicBinder      : binding parameter [2] as [TIMESTAMP] - [2021-11-28T15:25:57.305417200Z]
2021-11-28 18:25:57.554 TRACE [payment-service,,,] 14540 --- [    Test worker] o.h.type.descriptor.sql.BasicBinder      : binding parameter [3] as [NUMERIC] - [200]
2021-11-28 18:25:57.557 TRACE [payment-service,,,] 14540 --- [    Test worker] o.h.type.descriptor.sql.BasicBinder      : binding parameter [4] as [VARCHAR] - [2380993469345345]
2021-11-28 18:25:57.558 TRACE [payment-service,,,] 14540 --- [    Test worker] o.h.type.descriptor.sql.BasicBinder      : binding parameter [5] as [VARCHAR] - [ENABLED]
2021-11-28 18:25:57.561 TRACE [payment-service,,,] 14540 --- [    Test worker] o.h.type.descriptor.sql.BasicBinder      : binding parameter [6] as [DATE] - [2025-10-01]
2021-11-28 18:25:57.564 TRACE [payment-service,,,] 14540 --- [    Test worker] o.h.type.descriptor.sql.BasicBinder      : binding parameter [7] as [BOOLEAN] - [true]
2021-11-28 18:25:57.566 TRACE [payment-service,,,] 14540 --- [    Test worker] o.h.type.descriptor.sql.BasicBinder      : binding parameter [8] as [BIGINT] - [1]
2021-11-28 18:25:57.658 DEBUG [payment-service,,,] 14540 --- [    Test worker] c.DefaultCacheAwareContextLoaderDelegate : Retrieved ApplicationContext [103095058] from cache with key [[MergedContextConfiguration@544d427c testClass = CardRepositoryTest, locations = '{}', classes = '{class com.klasevich.itrex.lab.PaymentApplication}', contextInitializerClasses = '[]', activeProfiles = '{test}', propertySourceLocations = '{}', propertySourceProperties = '{org.springframework.boot.test.autoconfigure.orm.jpa.DataJpaTestContextBootstrapper=true}', contextCustomizers = set[org.springframework.boot.test.autoconfigure.OverrideAutoConfigurationContextCustomizerFactory$DisableAutoConfigurationContextCustomizer@4a40c341, org.springframework.boot.test.autoconfigure.filter.TypeExcludeFiltersContextCustomizer@351584c0, org.springframework.boot.test.autoconfigure.properties.PropertyMappingContextCustomizer@50a49b08, org.springframework.boot.test.autoconfigure.web.servlet.WebDriverContextCustomizerFactory$Customizer@7b843107, [ImportsContextCustomizer@5ae03dd5 key = [org.springframework.boot.autoconfigure.cache.CacheAutoConfiguration, org.springframework.boot.autoconfigure.data.jpa.JpaRepositoriesAutoConfiguration, org.springframework.boot.autoconfigure.flyway.FlywayAutoConfiguration, org.springframework.boot.autoconfigure.jdbc.DataSourceAutoConfiguration, org.springframework.boot.autoconfigure.jdbc.DataSourceTransactionManagerAutoConfiguration, org.springframework.boot.autoconfigure.jdbc.JdbcTemplateAutoConfiguration, org.springframework.boot.autoconfigure.liquibase.LiquibaseAutoConfiguration, org.springframework.boot.autoconfigure.orm.jpa.HibernateJpaAutoConfiguration, org.springframework.boot.autoconfigure.transaction.TransactionAutoConfiguration, org.springframework.boot.test.autoconfigure.jdbc.TestDatabaseAutoConfiguration, org.springframework.boot.test.autoconfigure.orm.jpa.TestEntityManagerAutoConfiguration]], org.springframework.boot.test.context.filter.ExcludeFilterContextCustomizer@30e22bfe, org.springframework.boot.test.json.DuplicateJsonObjectContextCustomizerFactory$DuplicateJsonObjectContextCustomizer@750b3aa1, org.springframework.boot.test.mock.mockito.MockitoContextCustomizer@0, org.springframework.boot.test.context.SpringBootTestArgs@1], contextLoader = 'org.springframework.boot.test.context.SpringBootContextLoader', parent = [null]]]
2021-11-28 18:25:57.666 DEBUG [payment-service,,,] 14540 --- [    Test worker] org.springframework.test.context.cache   : Spring test ApplicationContext cache statistics: [DefaultContextCache@20c07474 size = 1, maxSize = 32, parentContextCount = 0, hitCount = 6, missCount = 1]
2021-11-28 18:25:57.674 DEBUG [payment-service,,,] 14540 --- [    Test worker] c.DefaultCacheAwareContextLoaderDelegate : Retrieved ApplicationContext [103095058] from cache with key [[MergedContextConfiguration@544d427c testClass = CardRepositoryTest, locations = '{}', classes = '{class com.klasevich.itrex.lab.PaymentApplication}', contextInitializerClasses = '[]', activeProfiles = '{test}', propertySourceLocations = '{}', propertySourceProperties = '{org.springframework.boot.test.autoconfigure.orm.jpa.DataJpaTestContextBootstrapper=true}', contextCustomizers = set[org.springframework.boot.test.autoconfigure.OverrideAutoConfigurationContextCustomizerFactory$DisableAutoConfigurationContextCustomizer@4a40c341, org.springframework.boot.test.autoconfigure.filter.TypeExcludeFiltersContextCustomizer@351584c0, org.springframework.boot.test.autoconfigure.properties.PropertyMappingContextCustomizer@50a49b08, org.springframework.boot.test.autoconfigure.web.servlet.WebDriverContextCustomizerFactory$Customizer@7b843107, [ImportsContextCustomizer@5ae03dd5 key = [org.springframework.boot.autoconfigure.cache.CacheAutoConfiguration, org.springframework.boot.autoconfigure.data.jpa.JpaRepositoriesAutoConfiguration, org.springframework.boot.autoconfigure.flyway.FlywayAutoConfiguration, org.springframework.boot.autoconfigure.jdbc.DataSourceAutoConfiguration, org.springframework.boot.autoconfigure.jdbc.DataSourceTransactionManagerAutoConfiguration, org.springframework.boot.autoconfigure.jdbc.JdbcTemplateAutoConfiguration, org.springframework.boot.autoconfigure.liquibase.LiquibaseAutoConfiguration, org.springframework.boot.autoconfigure.orm.jpa.HibernateJpaAutoConfiguration, org.springframework.boot.autoconfigure.transaction.TransactionAutoConfiguration, org.springframework.boot.test.autoconfigure.jdbc.TestDatabaseAutoConfiguration, org.springframework.boot.test.autoconfigure.orm.jpa.TestEntityManagerAutoConfiguration]], org.springframework.boot.test.context.filter.ExcludeFilterContextCustomizer@30e22bfe, org.springframework.boot.test.json.DuplicateJsonObjectContextCustomizerFactory$DuplicateJsonObjectContextCustomizer@750b3aa1, org.springframework.boot.test.mock.mockito.MockitoContextCustomizer@0, org.springframework.boot.test.context.SpringBootTestArgs@1], contextLoader = 'org.springframework.boot.test.context.SpringBootContextLoader', parent = [null]]]
2021-11-28 18:25:57.675 DEBUG [payment-service,,,] 14540 --- [    Test worker] org.springframework.test.context.cache   : Spring test ApplicationContext cache statistics: [DefaultContextCache@20c07474 size = 1, maxSize = 32, parentContextCount = 0, hitCount = 7, missCount = 1]
2021-11-28 18:25:57.681 DEBUG [payment-service,,,] 14540 --- [    Test worker] c.DefaultCacheAwareContextLoaderDelegate : Retrieved ApplicationContext [103095058] from cache with key [[MergedContextConfiguration@544d427c testClass = CardRepositoryTest, locations = '{}', classes = '{class com.klasevich.itrex.lab.PaymentApplication}', contextInitializerClasses = '[]', activeProfiles = '{test}', propertySourceLocations = '{}', propertySourceProperties = '{org.springframework.boot.test.autoconfigure.orm.jpa.DataJpaTestContextBootstrapper=true}', contextCustomizers = set[org.springframework.boot.test.autoconfigure.OverrideAutoConfigurationContextCustomizerFactory$DisableAutoConfigurationContextCustomizer@4a40c341, org.springframework.boot.test.autoconfigure.filter.TypeExcludeFiltersContextCustomizer@351584c0, org.springframework.boot.test.autoconfigure.properties.PropertyMappingContextCustomizer@50a49b08, org.springframework.boot.test.autoconfigure.web.servlet.WebDriverContextCustomizerFactory$Customizer@7b843107, [ImportsContextCustomizer@5ae03dd5 key = [org.springframework.boot.autoconfigure.cache.CacheAutoConfiguration, org.springframework.boot.autoconfigure.data.jpa.JpaRepositoriesAutoConfiguration, org.springframework.boot.autoconfigure.flyway.FlywayAutoConfiguration, org.springframework.boot.autoconfigure.jdbc.DataSourceAutoConfiguration, org.springframework.boot.autoconfigure.jdbc.DataSourceTransactionManagerAutoConfiguration, org.springframework.boot.autoconfigure.jdbc.JdbcTemplateAutoConfiguration, org.springframework.boot.autoconfigure.liquibase.LiquibaseAutoConfiguration, org.springframework.boot.autoconfigure.orm.jpa.HibernateJpaAutoConfiguration, org.springframework.boot.autoconfigure.transaction.TransactionAutoConfiguration, org.springframework.boot.test.autoconfigure.jdbc.TestDatabaseAutoConfiguration, org.springframework.boot.test.autoconfigure.orm.jpa.TestEntityManagerAutoConfiguration]], org.springframework.boot.test.context.filter.ExcludeFilterContextCustomizer@30e22bfe, org.springframework.boot.test.json.DuplicateJsonObjectContextCustomizerFactory$DuplicateJsonObjectContextCustomizer@750b3aa1, org.springframework.boot.test.mock.mockito.MockitoContextCustomizer@0, org.springframework.boot.test.context.SpringBootTestArgs@1], contextLoader = 'org.springframework.boot.test.context.SpringBootContextLoader', parent = [null]]]
2021-11-28 18:25:57.682 DEBUG [payment-service,,,] 14540 --- [    Test worker] org.springframework.test.context.cache   : Spring test ApplicationContext cache statistics: [DefaultContextCache@20c07474 size = 1, maxSize = 32, parentContextCount = 0, hitCount = 8, missCount = 1]
2021-11-28 18:25:57.684 DEBUG [payment-service,,,] 14540 --- [    Test worker] c.DefaultCacheAwareContextLoaderDelegate : Retrieved ApplicationContext [103095058] from cache with key [[MergedContextConfiguration@544d427c testClass = CardRepositoryTest, locations = '{}', classes = '{class com.klasevich.itrex.lab.PaymentApplication}', contextInitializerClasses = '[]', activeProfiles = '{test}', propertySourceLocations = '{}', propertySourceProperties = '{org.springframework.boot.test.autoconfigure.orm.jpa.DataJpaTestContextBootstrapper=true}', contextCustomizers = set[org.springframework.boot.test.autoconfigure.OverrideAutoConfigurationContextCustomizerFactory$DisableAutoConfigurationContextCustomizer@4a40c341, org.springframework.boot.test.autoconfigure.filter.TypeExcludeFiltersContextCustomizer@351584c0, org.springframework.boot.test.autoconfigure.properties.PropertyMappingContextCustomizer@50a49b08, org.springframework.boot.test.autoconfigure.web.servlet.WebDriverContextCustomizerFactory$Customizer@7b843107, [ImportsContextCustomizer@5ae03dd5 key = [org.springframework.boot.autoconfigure.cache.CacheAutoConfiguration, org.springframework.boot.autoconfigure.data.jpa.JpaRepositoriesAutoConfiguration, org.springframework.boot.autoconfigure.flyway.FlywayAutoConfiguration, org.springframework.boot.autoconfigure.jdbc.DataSourceAutoConfiguration, org.springframework.boot.autoconfigure.jdbc.DataSourceTransactionManagerAutoConfiguration, org.springframework.boot.autoconfigure.jdbc.JdbcTemplateAutoConfiguration, org.springframework.boot.autoconfigure.liquibase.LiquibaseAutoConfiguration, org.springframework.boot.autoconfigure.orm.jpa.HibernateJpaAutoConfiguration, org.springframework.boot.autoconfigure.transaction.TransactionAutoConfiguration, org.springframework.boot.test.autoconfigure.jdbc.TestDatabaseAutoConfiguration, org.springframework.boot.test.autoconfigure.orm.jpa.TestEntityManagerAutoConfiguration]], org.springframework.boot.test.context.filter.ExcludeFilterContextCustomizer@30e22bfe, org.springframework.boot.test.json.DuplicateJsonObjectContextCustomizerFactory$DuplicateJsonObjectContextCustomizer@750b3aa1, org.springframework.boot.test.mock.mockito.MockitoContextCustomizer@0, org.springframework.boot.test.context.SpringBootTestArgs@1], contextLoader = 'org.springframework.boot.test.context.SpringBootContextLoader', parent = [null]]]
2021-11-28 18:25:57.685 DEBUG [payment-service,,,] 14540 --- [    Test worker] org.springframework.test.context.cache   : Spring test ApplicationContext cache statistics: [DefaultContextCache@20c07474 size = 1, maxSize = 32, parentContextCount = 0, hitCount = 9, missCount = 1]
2021-11-28 18:25:57.691 DEBUG [payment-service,,,] 14540 --- [    Test worker] c.DefaultCacheAwareContextLoaderDelegate : Retrieved ApplicationContext [103095058] from cache with key [[MergedContextConfiguration@544d427c testClass = CardRepositoryTest, locations = '{}', classes = '{class com.klasevich.itrex.lab.PaymentApplication}', contextInitializerClasses = '[]', activeProfiles = '{test}', propertySourceLocations = '{}', propertySourceProperties = '{org.springframework.boot.test.autoconfigure.orm.jpa.DataJpaTestContextBootstrapper=true}', contextCustomizers = set[org.springframework.boot.test.autoconfigure.OverrideAutoConfigurationContextCustomizerFactory$DisableAutoConfigurationContextCustomizer@4a40c341, org.springframework.boot.test.autoconfigure.filter.TypeExcludeFiltersContextCustomizer@351584c0, org.springframework.boot.test.autoconfigure.properties.PropertyMappingContextCustomizer@50a49b08, org.springframework.boot.test.autoconfigure.web.servlet.WebDriverContextCustomizerFactory$Customizer@7b843107, [ImportsContextCustomizer@5ae03dd5 key = [org.springframework.boot.autoconfigure.cache.CacheAutoConfiguration, org.springframework.boot.autoconfigure.data.jpa.JpaRepositoriesAutoConfiguration, org.springframework.boot.autoconfigure.flyway.FlywayAutoConfiguration, org.springframework.boot.autoconfigure.jdbc.DataSourceAutoConfiguration, org.springframework.boot.autoconfigure.jdbc.DataSourceTransactionManagerAutoConfiguration, org.springframework.boot.autoconfigure.jdbc.JdbcTemplateAutoConfiguration, org.springframework.boot.autoconfigure.liquibase.LiquibaseAutoConfiguration, org.springframework.boot.autoconfigure.orm.jpa.HibernateJpaAutoConfiguration, org.springframework.boot.autoconfigure.transaction.TransactionAutoConfiguration, org.springframework.boot.test.autoconfigure.jdbc.TestDatabaseAutoConfiguration, org.springframework.boot.test.autoconfigure.orm.jpa.TestEntityManagerAutoConfiguration]], org.springframework.boot.test.context.filter.ExcludeFilterContextCustomizer@30e22bfe, org.springframework.boot.test.json.DuplicateJsonObjectContextCustomizerFactory$DuplicateJsonObjectContextCustomizer@750b3aa1, org.springframework.boot.test.mock.mockito.MockitoContextCustomizer@0, org.springframework.boot.test.context.SpringBootTestArgs@1], contextLoader = 'org.springframework.boot.test.context.SpringBootContextLoader', parent = [null]]]
2021-11-28 18:25:57.692 DEBUG [payment-service,,,] 14540 --- [    Test worker] org.springframework.test.context.cache   : Spring test ApplicationContext cache statistics: [DefaultContextCache@20c07474 size = 1, maxSize = 32, parentContextCount = 0, hitCount = 10, missCount = 1]
[...]
2021-11-28 18:25:58.981 DEBUG [payment-service,,,] 14540 --- [    Test worker] org.springframework.test.context.cache   : Spring test ApplicationContext cache statistics: [DefaultContextCache@20c07474 size = 1, maxSize = 32, parentContextCount = 0, hitCount = 54, missCount = 1]
2021-11-28 18:25:58.981 DEBUG [payment-service,,,] 14540 --- [    Test worker] c.DefaultCacheAwareContextLoaderDelegate : Retrieved ApplicationContext [103095058] from cache with key [[MergedContextConfiguration@544d427c testClass = CardRepositoryTest, locations = '{}', classes = '{class com.klasevich.itrex.lab.PaymentApplication}', contextInitializerClasses = '[]', activeProfiles = '{test}', propertySourceLocations = '{}', propertySourceProperties = '{org.springframework.boot.test.autoconfigure.orm.jpa.DataJpaTestContextBootstrapper=true}', contextCustomizers = set[org.springframework.boot.test.autoconfigure.OverrideAutoConfigurationContextCustomizerFactory$DisableAutoConfigurationContextCustomizer@4a40c341, org.springframework.boot.test.autoconfigure.filter.TypeExcludeFiltersContextCustomizer@351584c0, org.springframework.boot.test.autoconfigure.properties.PropertyMappingContextCustomizer@50a49b08, org.springframework.boot.test.autoconfigure.web.servlet.WebDriverContextCustomizerFactory$Customizer@7b843107, [ImportsContextCustomizer@5ae03dd5 key = [org.springframework.boot.autoconfigure.cache.CacheAutoConfiguration, org.springframework.boot.autoconfigure.data.jpa.JpaRepositoriesAutoConfiguration, org.springframework.boot.autoconfigure.flyway.FlywayAutoConfiguration, org.springframework.boot.autoconfigure.jdbc.DataSourceAutoConfiguration, org.springframework.boot.autoconfigure.jdbc.DataSourceTransactionManagerAutoConfiguration, org.springframework.boot.autoconfigure.jdbc.JdbcTemplateAutoConfiguration, org.springframework.boot.autoconfigure.liquibase.LiquibaseAutoConfiguration, org.springframework.boot.autoconfigure.orm.jpa.HibernateJpaAutoConfiguration, org.springframework.boot.autoconfigure.transaction.TransactionAutoConfiguration, org.springframework.boot.test.autoconfigure.jdbc.TestDatabaseAutoConfiguration, org.springframework.boot.test.autoconfigure.orm.jpa.TestEntityManagerAutoConfiguration]], org.springframework.boot.test.context.filter.ExcludeFilterContextCustomizer@30e22bfe, org.springframework.boot.test.json.DuplicateJsonObjectContextCustomizerFactory$DuplicateJsonObjectContextCustomizer@750b3aa1, org.springframework.boot.test.mock.mockito.MockitoContextCustomizer@0, org.springframework.boot.test.context.SpringBootTestArgs@1], contextLoader = 'org.springframework.boot.test.context.SpringBootContextLoader', parent = [null]]]
2021-11-28 18:25:58.982 DEBUG [payment-service,,,] 14540 --- [    Test worker] org.springframework.test.context.cache   : Spring test ApplicationContext cache statistics: [DefaultContextCache@20c07474 size = 1, maxSize = 32, parentContextCount = 0, hitCount = 55, missCount = 1]
2021-11-28 18:25:58.985 DEBUG [payment-service,,,] 14540 --- [    Test worker] c.DefaultCacheAwareContextLoaderDelegate : Retrieved ApplicationContext [103095058] from cache with key [[MergedContextConfiguration@544d427c testClass = CardRepositoryTest, locations = '{}', classes = '{class com.klasevich.itrex.lab.PaymentApplication}', contextInitializerClasses = '[]', activeProfiles = '{test}', propertySourceLocations = '{}', propertySourceProperties = '{org.springframework.boot.test.autoconfigure.orm.jpa.DataJpaTestContextBootstrapper=true}', contextCustomizers = set[org.springframework.boot.test.autoconfigure.OverrideAutoConfigurationContextCustomizerFactory$DisableAutoConfigurationContextCustomizer@4a40c341, org.springframework.boot.test.autoconfigure.filter.TypeExcludeFiltersContextCustomizer@351584c0, org.springframework.boot.test.autoconfigure.properties.PropertyMappingContextCustomizer@50a49b08, org.springframework.boot.test.autoconfigure.web.servlet.WebDriverContextCustomizerFactory$Customizer@7b843107, [ImportsContextCustomizer@5ae03dd5 key = [org.springframework.boot.autoconfigure.cache.CacheAutoConfiguration, org.springframework.boot.autoconfigure.data.jpa.JpaRepositoriesAutoConfiguration, org.springframework.boot.autoconfigure.flyway.FlywayAutoConfiguration, org.springframework.boot.autoconfigure.jdbc.DataSourceAutoConfiguration, org.springframework.boot.autoconfigure.jdbc.DataSourceTransactionManagerAutoConfiguration, org.springframework.boot.autoconfigure.jdbc.JdbcTemplateAutoConfiguration, org.springframework.boot.autoconfigure.liquibase.LiquibaseAutoConfiguration, org.springframework.boot.autoconfigure.orm.jpa.HibernateJpaAutoConfiguration, org.springframework.boot.autoconfigure.transaction.TransactionAutoConfiguration, org.springframework.boot.test.autoconfigure.jdbc.TestDatabaseAutoConfiguration, org.springframework.boot.test.autoconfigure.orm.jpa.TestEntityManagerAutoConfiguration]], org.springframework.boot.test.context.filter.ExcludeFilterContextCustomizer@30e22bfe, org.springframework.boot.test.json.DuplicateJsonObjectContextCustomizerFactory$DuplicateJsonObjectContextCustomizer@750b3aa1, org.springframework.boot.test.mock.mockito.MockitoContextCustomizer@0, org.springframework.boot.test.context.SpringBootTestArgs@1], contextLoader = 'org.springframework.boot.test.context.SpringBootContextLoader', parent = [null]]]
2021-11-28 18:25:58.985 DEBUG [payment-service,,,] 14540 --- [    Test worker] org.springframework.test.context.cache   : Spring test ApplicationContext cache statistics: [DefaultContextCache@20c07474 size = 1, maxSize = 32, parentContextCount = 0, hitCount = 56, missCount = 1]
2021-11-28 18:25:58.986 DEBUG [payment-service,,,] 14540 --- [    Test worker] c.DefaultCacheAwareContextLoaderDelegate : Retrieved ApplicationContext [103095058] from cache with key [[MergedContextConfiguration@544d427c testClass = CardRepositoryTest, locations = '{}', classes = '{class com.klasevich.itrex.lab.PaymentApplication}', contextInitializerClasses = '[]', activeProfiles = '{test}', propertySourceLocations = '{}', propertySourceProperties = '{org.springframework.boot.test.autoconfigure.orm.jpa.DataJpaTestContextBootstrapper=true}', contextCustomizers = set[org.springframework.boot.test.autoconfigure.OverrideAutoConfigurationContextCustomizerFactory$DisableAutoConfigurationContextCustomizer@4a40c341, org.springframework.boot.test.autoconfigure.filter.TypeExcludeFiltersContextCustomizer@351584c0, org.springframework.boot.test.autoconfigure.properties.PropertyMappingContextCustomizer@50a49b08, org.springframework.boot.test.autoconfigure.web.servlet.WebDriverContextCustomizerFactory$Customizer@7b843107, [ImportsContextCustomizer@5ae03dd5 key = [org.springframework.boot.autoconfigure.cache.CacheAutoConfiguration, org.springframework.boot.autoconfigure.data.jpa.JpaRepositoriesAutoConfiguration, org.springframework.boot.autoconfigure.flyway.FlywayAutoConfiguration, org.springframework.boot.autoconfigure.jdbc.DataSourceAutoConfiguration, org.springframework.boot.autoconfigure.jdbc.DataSourceTransactionManagerAutoConfiguration, org.springframework.boot.autoconfigure.jdbc.JdbcTemplateAutoConfiguration, org.springframework.boot.autoconfigure.liquibase.LiquibaseAutoConfiguration, org.springframework.boot.autoconfigure.orm.jpa.HibernateJpaAutoConfiguration, org.springframework.boot.autoconfigure.transaction.TransactionAutoConfiguration, org.springframework.boot.test.autoconfigure.jdbc.TestDatabaseAutoConfiguration, org.springframework.boot.test.autoconfigure.orm.jpa.TestEntityManagerAutoConfiguration]], org.springframework.boot.test.context.filter.ExcludeFilterContextCustomizer@30e22bfe, org.springframework.boot.test.json.DuplicateJsonObjectContextCustomizerFactory$DuplicateJsonObjectContextCustomizer@750b3aa1, org.springframework.boot.test.mock.mockito.MockitoContextCustomizer@0, org.springframework.boot.test.context.SpringBootTestArgs@1], contextLoader = 'org.springframework.boot.test.context.SpringBootContextLoader', parent = [null]]]
2021-11-28 18:25:58.986 DEBUG [payment-service,,,] 14540 --- [    Test worker] org.springframework.test.context.cache   : Spring test ApplicationContext cache statistics: [DefaultContextCache@20c07474 size = 1, maxSize = 32, parentContextCount = 0, hitCount = 57, missCount = 1]
2021-11-28 18:25:58.986 DEBUG [payment-service,,,] 14540 --- [    Test worker] c.DefaultCacheAwareContextLoaderDelegate : Retrieved ApplicationContext [103095058] from cache with key [[MergedContextConfiguration@544d427c testClass = CardRepositoryTest, locations = '{}', classes = '{class com.klasevich.itrex.lab.PaymentApplication}', contextInitializerClasses = '[]', activeProfiles = '{test}', propertySourceLocations = '{}', propertySourceProperties = '{org.springframework.boot.test.autoconfigure.orm.jpa.DataJpaTestContextBootstrapper=true}', contextCustomizers = set[org.springframework.boot.test.autoconfigure.OverrideAutoConfigurationContextCustomizerFactory$DisableAutoConfigurationContextCustomizer@4a40c341, org.springframework.boot.test.autoconfigure.filter.TypeExcludeFiltersContextCustomizer@351584c0, org.springframework.boot.test.autoconfigure.properties.PropertyMappingContextCustomizer@50a49b08, org.springframework.boot.test.autoconfigure.web.servlet.WebDriverContextCustomizerFactory$Customizer@7b843107, [ImportsContextCustomizer@5ae03dd5 key = [org.springframework.boot.autoconfigure.cache.CacheAutoConfiguration, org.springframework.boot.autoconfigure.data.jpa.JpaRepositoriesAutoConfiguration, org.springframework.boot.autoconfigure.flyway.FlywayAutoConfiguration, org.springframework.boot.autoconfigure.jdbc.DataSourceAutoConfiguration, org.springframework.boot.autoconfigure.jdbc.DataSourceTransactionManagerAutoConfiguration, org.springframework.boot.autoconfigure.jdbc.JdbcTemplateAutoConfiguration, org.springframework.boot.autoconfigure.liquibase.LiquibaseAutoConfiguration, org.springframework.boot.autoconfigure.orm.jpa.HibernateJpaAutoConfiguration, org.springframework.boot.autoconfigure.transaction.TransactionAutoConfiguration, org.springframework.boot.test.autoconfigure.jdbc.TestDatabaseAutoConfiguration, org.springframework.boot.test.autoconfigure.orm.jpa.TestEntityManagerAutoConfiguration]], org.springframework.boot.test.context.filter.ExcludeFilterContextCustomizer@30e22bfe, org.springframework.boot.test.json.DuplicateJsonObjectContextCustomizerFactory$DuplicateJsonObjectContextCustomizer@750b3aa1, org.springframework.boot.test.mock.mockito.MockitoContextCustomizer@0, org.springframework.boot.test.context.SpringBootTestArgs@1], contextLoader = 'org.springframework.boot.test.context.SpringBootContextLoader', parent = [null]]]
2021-11-28 18:25:58.987 DEBUG [payment-service,,,] 14540 --- [    Test worker] org.springframework.test.context.cache   : Spring test ApplicationContext cache statistics: [DefaultContextCache@20c07474 size = 1, maxSize = 32, parentContextCount = 0, hitCount = 58, missCount = 1]
2021-11-28 18:25:58.989 DEBUG [payment-service,,,] 14540 --- [    Test worker] c.DefaultCacheAwareContextLoaderDelegate : Retrieved ApplicationContext [103095058] from cache with key [[MergedContextConfiguration@544d427c testClass = CardRepositoryTest, locations = '{}', classes = '{class com.klasevich.itrex.lab.PaymentApplication}', contextInitializerClasses = '[]', activeProfiles = '{test}', propertySourceLocations = '{}', propertySourceProperties = '{org.springframework.boot.test.autoconfigure.orm.jpa.DataJpaTestContextBootstrapper=true}', contextCustomizers = set[org.springframework.boot.test.autoconfigure.OverrideAutoConfigurationContextCustomizerFactory$DisableAutoConfigurationContextCustomizer@4a40c341, org.springframework.boot.test.autoconfigure.filter.TypeExcludeFiltersContextCustomizer@351584c0, org.springframework.boot.test.autoconfigure.properties.PropertyMappingContextCustomizer@50a49b08, org.springframework.boot.test.autoconfigure.web.servlet.WebDriverContextCustomizerFactory$Customizer@7b843107, [ImportsContextCustomizer@5ae03dd5 key = [org.springframework.boot.autoconfigure.cache.CacheAutoConfiguration, org.springframework.boot.autoconfigure.data.jpa.JpaRepositoriesAutoConfiguration, org.springframework.boot.autoconfigure.flyway.FlywayAutoConfiguration, org.springframework.boot.autoconfigure.jdbc.DataSourceAutoConfiguration, org.springframework.boot.autoconfigure.jdbc.DataSourceTransactionManagerAutoConfiguration, org.springframework.boot.autoconfigure.jdbc.JdbcTemplateAutoConfiguration, org.springframework.boot.autoconfigure.liquibase.LiquibaseAutoConfiguration, org.springframework.boot.autoconfigure.orm.jpa.HibernateJpaAutoConfiguration, org.springframework.boot.autoconfigure.transaction.TransactionAutoConfiguration, org.springframework.boot.test.autoconfigure.jdbc.TestDatabaseAutoConfiguration, org.springframework.boot.test.autoconfigure.orm.jpa.TestEntityManagerAutoConfiguration]], org.springframework.boot.test.context.filter.ExcludeFilterContextCustomizer@30e22bfe, org.springframework.boot.test.json.DuplicateJsonObjectContextCustomizerFactory$DuplicateJsonObjectContextCustomizer@750b3aa1, org.springframework.boot.test.mock.mockito.MockitoContextCustomizer@0, org.springframework.boot.test.context.SpringBootTestArgs@1], contextLoader = 'org.springframework.boot.test.context.SpringBootContextLoader', parent = [null]]]
2021-11-28 18:25:58.990 DEBUG [payment-service,,,] 14540 --- [    Test worker] org.springframework.test.context.cache   : Spring test ApplicationContext cache statistics: [DefaultContextCache@20c07474 size = 1, maxSize = 32, parentContextCount = 0, hitCount = 59, missCount = 1]
2021-11-28 18:25:58.992  INFO [payment-service,,,] 14540 --- [    Test worker] o.s.t.c.transaction.TransactionContext   : Rolled back transaction for test: [DefaultTestContext@2d267f64 testClass = CardRepositoryTest, testInstance = com.klasevich.itrex.lab.persistance.repository.CardRepositoryTest@12aeb05c, testMethod = createCard_getCardById_cardNumberShouldBeTheSame@CardRepositoryTest, testException = [null], mergedContextConfiguration = [MergedContextConfiguration@544d427c testClass = CardRepositoryTest, locations = '{}', classes = '{class com.klasevich.itrex.lab.PaymentApplication}', contextInitializerClasses = '[]', activeProfiles = '{test}', propertySourceLocations = '{}', propertySourceProperties = '{org.springframework.boot.test.autoconfigure.orm.jpa.DataJpaTestContextBootstrapper=true}', contextCustomizers = set[org.springframework.boot.test.autoconfigure.OverrideAutoConfigurationContextCustomizerFactory$DisableAutoConfigurationContextCustomizer@4a40c341, org.springframework.boot.test.autoconfigure.filter.TypeExcludeFiltersContextCustomizer@351584c0, org.springframework.boot.test.autoconfigure.properties.PropertyMappingContextCustomizer@50a49b08, org.springframework.boot.test.autoconfigure.web.servlet.WebDriverContextCustomizerFactory$Customizer@7b843107, [ImportsContextCustomizer@5ae03dd5 key = [org.springframework.boot.autoconfigure.cache.CacheAutoConfiguration, org.springframework.boot.autoconfigure.data.jpa.JpaRepositoriesAutoConfiguration, org.springframework.boot.autoconfigure.flyway.FlywayAutoConfiguration, org.springframework.boot.autoconfigure.jdbc.DataSourceAutoConfiguration, org.springframework.boot.autoconfigure.jdbc.DataSourceTransactionManagerAutoConfiguration, org.springframework.boot.autoconfigure.jdbc.JdbcTemplateAutoConfiguration, org.springframework.boot.autoconfigure.liquibase.LiquibaseAutoConfiguration, org.springframework.boot.autoconfigure.orm.jpa.HibernateJpaAutoConfiguration, org.springframework.boot.autoconfigure.transaction.TransactionAutoConfiguration, org.springframework.boot.test.autoconfigure.jdbc.TestDatabaseAutoConfiguration, org.springframework.boot.test.autoconfigure.orm.jpa.TestEntityManagerAutoConfiguration]], org.springframework.boot.test.context.filter.ExcludeFilterContextCustomizer@30e22bfe, org.springframework.boot.test.json.DuplicateJsonObjectContextCustomizerFactory$DuplicateJsonObjectContextCustomizer@750b3aa1, org.springframework.boot.test.mock.mockito.MockitoContextCustomizer@0, org.springframework.boot.test.context.SpringBootTestArgs@1], contextLoader = 'org.springframework.boot.test.context.SpringBootContextLoader', parent = [null]], attributes = map[[empty]]]
2021-11-28 18:25:58.997 DEBUG [payment-service,,,] 14540 --- [    Test worker] c.DefaultCacheAwareContextLoaderDelegate : Retrieved ApplicationContext [103095058] from cache with key [[MergedContextConfiguration@544d427c testClass = CardRepositoryTest, locations = '{}', classes = '{class com.klasevich.itrex.lab.PaymentApplication}', contextInitializerClasses = '[]', activeProfiles = '{test}', propertySourceLocations = '{}', propertySourceProperties = '{org.springframework.boot.test.autoconfigure.orm.jpa.DataJpaTestContextBootstrapper=true}', contextCustomizers = set[org.springframework.boot.test.autoconfigure.OverrideAutoConfigurationContextCustomizerFactory$DisableAutoConfigurationContextCustomizer@4a40c341, org.springframework.boot.test.autoconfigure.filter.TypeExcludeFiltersContextCustomizer@351584c0, org.springframework.boot.test.autoconfigure.properties.PropertyMappingContextCustomizer@50a49b08, org.springframework.boot.test.autoconfigure.web.servlet.WebDriverContextCustomizerFactory$Customizer@7b843107, [ImportsContextCustomizer@5ae03dd5 key = [org.springframework.boot.autoconfigure.cache.CacheAutoConfiguration, org.springframework.boot.autoconfigure.data.jpa.JpaRepositoriesAutoConfiguration, org.springframework.boot.autoconfigure.flyway.FlywayAutoConfiguration, org.springframework.boot.autoconfigure.jdbc.DataSourceAutoConfiguration, org.springframework.boot.autoconfigure.jdbc.DataSourceTransactionManagerAutoConfiguration, org.springframework.boot.autoconfigure.jdbc.JdbcTemplateAutoConfiguration, org.springframework.boot.autoconfigure.liquibase.LiquibaseAutoConfiguration, org.springframework.boot.autoconfigure.orm.jpa.HibernateJpaAutoConfiguration, org.springframework.boot.autoconfigure.transaction.TransactionAutoConfiguration, org.springframework.boot.test.autoconfigure.jdbc.TestDatabaseAutoConfiguration, org.springframework.boot.test.autoconfigure.orm.jpa.TestEntityManagerAutoConfiguration]], org.springframework.boot.test.context.filter.ExcludeFilterContextCustomizer@30e22bfe, org.springframework.boot.test.json.DuplicateJsonObjectContextCustomizerFactory$DuplicateJsonObjectContextCustomizer@750b3aa1, org.springframework.boot.test.mock.mockito.MockitoContextCustomizer@0, org.springframework.boot.test.context.SpringBootTestArgs@1], contextLoader = 'org.springframework.boot.test.context.SpringBootContextLoader', parent = [null]]]
2021-11-28 18:25:58.997 DEBUG [payment-service,,,] 14540 --- [    Test worker] org.springframework.test.context.cache   : Spring test ApplicationContext cache statistics: [DefaultContextCache@20c07474 size = 1, maxSize = 32, parentContextCount = 0, hitCount = 60, missCount = 1]
]]></system-out>
  <system-err><![CDATA[]]></system-err>
</testsuite>
